>>> Starting Agent Boot Sequence...
[1/6] Checking User Account               [OK]
   ... Running as service user 'shh921shh4393' (uid=1267600500)
[2/6] Verifying Environment Variables     [OK]
   ... All required Envs correct
[3/6] Checking Required Files             [OK]
   ... Verified 'secret.key' with correct key string.
[4/6] Checking Port Availability          [OK]
   ... Port 15034 is available.
[5/6] Verifying Log Permission            [OK]
   ... Log directory is writable: /home/shh921shh4393/.dev/codyssey_mission/2026-main-1-2/submission/evidence/boot-ready
[6/6] Verifying Mission Environment       [OK]
   ... MEMORY_LIMIT=512MB, CPU_MAX_OCCUPY=10%, MULTI_THREAD_ENABLE=False
------------------------------------------------------------
All Boot Checks Passed!
Agent READY
2026-05-19 13:41:45,086 [INFO] [SafetyGuard] Process priority lowered (nice=10).
2026-05-19 13:41:45,087 [INFO] Agent listening at port 15034

==================================================
 [ Agent Initiate ] Resource Check 
==================================================
 [ MEMORY ] Limit: 512MB 		[ OK ]
 [ CPU    ] Limit: 10%  		[ OK ]
 [ THREAD ] Concurrency: False 		[ OK ]
--------------------------------------------------
 >>> SYSTEM STATUS: STABLE. STARTING WORKLOAD MONITORING...
==================================================

2026-05-19 13:41:47,088 [INFO] >>> Scenario Selected: [Healthy System Monitoring]

>>> [SYSTEM] ALL CONFIGURATIONS OPTIMAL. RUNNING STABILITY TEST... <<<

2026-05-19 13:41:47,089 [INFO] [Scheduler] Task Scheduler Initialized.
2026-05-19 13:41:47,090 [INFO] [Scheduler] Registered Tasks: ['Thread-A', 'Thread-B', 'Thread-C']
2026-05-19 13:41:47,090 [INFO] [Scheduler] Starting task execution...
2026-05-19 13:41:47,090 [INFO] [Thread-B] Task Started. Calculating... (20%)
2026-05-19 13:41:47,147 [INFO] [Thread-B] Calculating... (40%)
2026-05-19 13:41:47,197 [INFO] [Thread-B] Calculating... (60%)
2026-05-19 13:41:47,249 [INFO] [Thread-B] Calculating... (80%)
2026-05-19 13:41:47,300 [INFO] [Thread-B] Task Completed. (100%)
2026-05-19 13:41:47,351 [INFO] [Thread-C] Task Started. Calculating... (20%)
2026-05-19 13:41:47,403 [INFO] [Thread-C] Calculating... (40%)
2026-05-19 13:41:47,453 [INFO] [Thread-C] Calculating... (60%)
2026-05-19 13:41:47,504 [INFO] [Thread-C] Calculating... (80%)
2026-05-19 13:41:47,555 [INFO] [Thread-C] Task Completed. (100%)
2026-05-19 13:41:47,606 [INFO] [Thread-A] Task Started. Calculating... (20%)
2026-05-19 13:41:47,658 [INFO] [Thread-A] Calculating... (40%)
2026-05-19 13:41:47,709 [INFO] [Thread-A] Calculating... (60%)
2026-05-19 13:41:47,761 [INFO] [Thread-A] Calculating... (80%)
2026-05-19 13:41:47,812 [INFO] [Thread-A] Task Completed. (100%)
2026-05-19 13:41:47,862 [INFO] [Scheduler] All tasks completed.
2026-05-19 13:41:47,890 [INFO] [MemoryWorker] Current Heap: 25MB
2026-05-19 13:41:47,891 [INFO] [CpuWorker] Started. Maximum CPU Limit: 10%
2026-05-19 13:41:47,892 [INFO] [CpuWorker] Current Load: 5.00%
2026-05-19 13:41:49,994 [INFO] [CpuWorker] Peak reached (10.00%). Starting cooldown...
2026-05-19 13:41:50,898 [INFO] [MemoryWorker] Current Heap: 50MB
2026-05-19 13:41:50,996 [INFO] [CpuWorker] Current Load: 10.00%
2026-05-19 13:41:53,906 [INFO] [MemoryWorker] Current Heap: 75MB
2026-05-19 13:41:54,099 [INFO] [CpuWorker] Current Load: 7.90%
