--- ps sample ---
    PID    PPID STAT %CPU %MEM   RSS COMMAND         COMMAND
  12040   11779 S     2.0  0.0  2240 agent-app-leak  /home/shh921shh4393/.dev/codyssey_mission/2026-main-1-2/submission/agent-app-leak/agent-app-leak
    PID    PPID STAT %CPU %MEM   RSS COMMAND         COMMAND
  12052   12040 SN    1.4  0.2 47384 agent-app-leak  /home/shh921shh4393/.dev/codyssey_mission/2026-main-1-2/submission/agent-app-leak/agent-app-leak

--- top sample ---
top - 13:42:06 up  2:08,  0 users,  load average: 0.48, 0.27, 0.14
Tasks:   1 total,   0 running,   1 sleeping,   0 stopped,   0 zombie
%Cpu(s):  1.6 us,  0.0 sy,  0.0 ni, 98.4 id,  0.0 wa,  0.0 hi,  0.0 si,  0.0 st 
MiB Mem :  16049.5 total,  10647.6 free,   5404.9 used,    312.6 buff/cache     
MiB Swap:  17073.5 total,  17073.5 free,      0.0 used.  10644.5 avail Mem 

    PID USER      PR  NI    VIRT    RES    SHR S  %CPU  %MEM     TIME+ COMMAND
  12040 shh921s+  20   0    3156   2240   1972 S   0.0   0.0   0:00.07 agent-a+

--- ps sample ---
    PID    PPID STAT %CPU %MEM   RSS COMMAND         COMMAND
  12040   11779 S     1.4  0.0  2240 agent-app-leak  /home/shh921shh4393/.dev/codyssey_mission/2026-main-1-2/submission/agent-app-leak/agent-app-leak
    PID    PPID STAT %CPU %MEM   RSS COMMAND         COMMAND
  12052   12040 SN    1.0  0.2 47384 agent-app-leak  /home/shh921shh4393/.dev/codyssey_mission/2026-main-1-2/submission/agent-app-leak/agent-app-leak

--- top sample ---
top - 13:42:07 up  2:08,  0 users,  load average: 0.48, 0.27, 0.14
Tasks:   1 total,   0 running,   1 sleeping,   0 stopped,   0 zombie
%Cpu(s):  1.6 us,  0.0 sy,  0.0 ni, 98.4 id,  0.0 wa,  0.0 hi,  0.0 si,  0.0 st 
MiB Mem :  16049.5 total,  10645.5 free,   5403.9 used,    315.5 buff/cache     
MiB Swap:  17073.5 total,  17073.5 free,      0.0 used.  10645.6 avail Mem 

    PID USER      PR  NI    VIRT    RES    SHR S  %CPU  %MEM     TIME+ COMMAND
  12040 shh921s+  20   0    3156   2240   1972 S   0.0   0.0   0:00.07 agent-a+

