추출 시각: 2026-05-11T03:01:00+09:00
요구사항 ID: ENV-001
요구사항 요약: Ubuntu 22.04 LTS 또는 동등 Linux 환경에서 수행한다.
최종 판정: DONE
원천 로그 경로: runtime/work.log

[cmd] command -v bash; command -v python3; command -v ss; command -v sshd; command -v ufw; command -v crontab; command -v runuser; command -v getfacl; command -v setfacl; sed -n 1,6p /etc/os-release
[exit] 0
[stdout]
/usr/bin/bash
/usr/bin/python3
/usr/bin/ss
/usr/sbin/sshd
/usr/sbin/ufw
/usr/bin/crontab
/usr/sbin/runuser
/usr/bin/getfacl
/usr/bin/setfacl
PRETTY_NAME="Ubuntu 24.04.4 LTS"
NAME="Ubuntu"
VERSION_ID="24.04"
VERSION="24.04.4 LTS (Noble Numbat)"
VERSION_CODENAME=noble
ID=ubuntu

[stderr]

[판정 근거]
Ubuntu 24.04 LTS 환경으로 과제의 "Ubuntu 22.04 LTS 또는 동등 Linux 환경" 조건을 충족한다.
