>>> Starting Agent Boot Sequence...
[1/6] Checking User Account               [OK]
   ... Running as service user 'shh921shh4393' (uid=1267600500)
[2/6] Verifying Environment Variables     [OK]
   ... All required Envs correct
[3/6] Checking Required Files             [OK]
   ... Verified 'secret.key' with correct key string.
[4/6] Checking Port Availability          [OK]
   ... Port 15034 is available.
[5/6] Verifying Log Permission            [OK]
   ... Log directory is writable: /home/shh921shh4393/agent-app/logs
[6/6] Verifying Mission Environment       [OK]
   ... MEMORY_LIMIT=256MB, CPU_MAX_OCCUPY=10%, MULTI_THREAD_ENABLE=False
------------------------------------------------------------
All Boot Checks Passed!
Agent READY
2026-05-13 17:56:33,985 [INFO] [SafetyGuard] Process priority lowered (nice=10).
2026-05-13 17:56:33,985 [INFO] Agent listening at port 15034

==================================================
 [ Agent Initiate ] Resource Check 
==================================================
 [ MEMORY ] Limit: 256MB 		[ WARNING: Recommend Over 256MB ]
 [ CPU    ] Limit: 10%  		[ OK ]
 [ THREAD ] Concurrency: False 		[ OK ]
--------------------------------------------------
 >>> SYSTEM STATUS: STABLE. STARTING WORKLOAD MONITORING...
==================================================

2026-05-13 17:56:36,024 [INFO] [MemoryWorker] Current Heap: 25MB
2026-05-13 17:56:39,051 [INFO] [MemoryWorker] Current Heap: 50MB
2026-05-13 17:56:42,091 [INFO] [MemoryWorker] Current Heap: 75MB
2026-05-13 17:56:45,122 [INFO] [MemoryWorker] Current Heap: 100MB
2026-05-13 17:56:48,162 [INFO] [MemoryWorker] Current Heap: 125MB
2026-05-13 17:56:51,200 [INFO] [MemoryWorker] Current Heap: 150MB
2026-05-13 17:56:54,239 [INFO] [MemoryWorker] Current Heap: 175MB
2026-05-13 17:56:57,279 [INFO] [MemoryWorker] Current Heap: 200MB
2026-05-13 17:57:00,319 [INFO] [MemoryWorker] Current Heap: 225MB
2026-05-13 17:57:03,357 [INFO] [MemoryWorker] Current Heap: 250MB
2026-05-13 17:57:06,397 [INFO] [MemoryWorker] Current Heap: 275MB
2026-05-13 17:57:06,397 [CRITICAL] [MemoryGuard] Memory limit exceeded (275MB >= 256MB) / (Recommend Over 256MB)
2026-05-13 17:57:06,397 [CRITICAL] [MemoryGuard] Self-terminating process 8217 to prevent system instability.
