>>> Starting Agent Boot Sequence...
[1/6] Checking User Account               [OK]
   ... Running as service user 'shh921shh4393' (uid=1267600500)
[2/6] Verifying Environment Variables     [OK]
   ... All required Envs correct
[3/6] Checking Required Files             [OK]
   ... Verified 'secret.key' with correct key string.
[4/6] Checking Port Availability          [OK]
   ... Port 15034 is available.
[5/6] Verifying Log Permission            [OK]
   ... Log directory is writable: /home/shh921shh4393/agent-app/logs
[6/6] Verifying Mission Environment       [OK]
   ... MEMORY_LIMIT=512MB, CPU_MAX_OCCUPY=10%, MULTI_THREAD_ENABLE=False
------------------------------------------------------------
All Boot Checks Passed!
Agent READY
2026-05-13 18:33:48,468 [INFO] [SafetyGuard] Process priority lowered (nice=10).
2026-05-13 18:33:48,468 [INFO] Agent listening at port 15034

==================================================
 [ Agent Initiate ] Resource Check 
==================================================
 [ MEMORY ] Limit: 512MB 		[ OK ]
 [ CPU    ] Limit: 10%  		[ OK ]
 [ THREAD ] Concurrency: False 		[ OK ]
--------------------------------------------------
 >>> SYSTEM STATUS: STABLE. STARTING WORKLOAD MONITORING...
==================================================

2026-05-13 18:33:50,471 [INFO] >>> Scenario Selected: [Healthy System Monitoring]

>>> [SYSTEM] ALL CONFIGURATIONS OPTIMAL. RUNNING STABILITY TEST... <<<

2026-05-13 18:33:50,471 [INFO] [Scheduler] Task Scheduler Initialized.
2026-05-13 18:33:50,472 [INFO] [Scheduler] Registered Tasks: ['Thread-A', 'Thread-B', 'Thread-C']
2026-05-13 18:33:50,472 [INFO] [Scheduler] Starting task execution...
2026-05-13 18:33:50,472 [INFO] [Thread-A] Task Started. Calculating... (20%)
2026-05-13 18:33:50,524 [INFO] [Thread-A] Calculating... (40%)
2026-05-13 18:33:50,575 [INFO] [Thread-A] Calculating... (60%)
2026-05-13 18:33:50,626 [INFO] [Thread-A] Calculating... (80%)
2026-05-13 18:33:50,678 [INFO] [Thread-A] Task Completed. (100%)
2026-05-13 18:33:50,730 [INFO] [Thread-B] Task Started. Calculating... (20%)
2026-05-13 18:33:50,780 [INFO] [Thread-B] Calculating... (40%)
2026-05-13 18:33:50,832 [INFO] [Thread-B] Calculating... (60%)
2026-05-13 18:33:50,884 [INFO] [Thread-B] Calculating... (80%)
2026-05-13 18:33:50,935 [INFO] [Thread-B] Task Completed. (100%)
2026-05-13 18:33:50,987 [INFO] [Thread-C] Task Started. Calculating... (20%)
2026-05-13 18:33:51,039 [INFO] [Thread-C] Calculating... (40%)
2026-05-13 18:33:51,091 [INFO] [Thread-C] Calculating... (60%)
2026-05-13 18:33:51,142 [INFO] [Thread-C] Calculating... (80%)
2026-05-13 18:33:51,194 [INFO] [Thread-C] Task Completed. (100%)
2026-05-13 18:33:51,246 [INFO] [Scheduler] All tasks completed.
2026-05-13 18:33:51,253 [INFO] [MemoryWorker] Current Heap: 25MB
2026-05-13 18:33:51,253 [INFO] [CpuWorker] Started. Maximum CPU Limit: 10%
2026-05-13 18:33:51,254 [INFO] [CpuWorker] Current Load: 5.00%
2026-05-13 18:33:53,356 [INFO] [CpuWorker] Peak reached (10.00%). Starting cooldown...
2026-05-13 18:33:54,264 [INFO] [MemoryWorker] Current Heap: 50MB
2026-05-13 18:33:54,357 [INFO] [CpuWorker] Current Load: 10.00%
2026-05-13 18:33:57,304 [INFO] [MemoryWorker] Current Heap: 75MB
2026-05-13 18:33:57,461 [INFO] [CpuWorker] Current Load: 9.43%
2026-05-13 18:33:59,565 [INFO] [CpuWorker] Cooldown complete (5.00%). Resuming load increase...
2026-05-13 18:34:00,347 [INFO] [MemoryWorker] Current Heap: 100MB
2026-05-13 18:34:00,567 [INFO] [CpuWorker] Current Load: 5.00%
2026-05-13 18:34:02,670 [INFO] [CpuWorker] Peak reached (10.00%). Starting cooldown...
2026-05-13 18:34:03,388 [INFO] [MemoryWorker] Current Heap: 125MB
2026-05-13 18:34:03,672 [INFO] [CpuWorker] Current Load: 10.00%
2026-05-13 18:34:05,776 [INFO] [CpuWorker] Cooldown complete (5.00%). Resuming load increase...
2026-05-13 18:34:06,428 [INFO] [MemoryWorker] Current Heap: 150MB
2026-05-13 18:34:06,777 [INFO] [CpuWorker] Current Load: 5.00%
2026-05-13 18:34:08,879 [INFO] [CpuWorker] Peak reached (10.00%). Starting cooldown...
2026-05-13 18:34:09,468 [INFO] [MemoryWorker] Current Heap: 175MB
2026-05-13 18:34:09,881 [INFO] [CpuWorker] Current Load: 10.00%
2026-05-13 18:34:11,984 [INFO] [CpuWorker] Cooldown complete (5.00%). Resuming load increase...
2026-05-13 18:34:12,509 [INFO] [MemoryWorker] Current Heap: 200MB
2026-05-13 18:34:12,986 [INFO] [CpuWorker] Current Load: 5.00%
2026-05-13 18:34:15,548 [INFO] [MemoryWorker] Current Heap: 225MB
2026-05-13 18:34:16,090 [INFO] [CpuWorker] Current Load: 8.34%
2026-05-13 18:34:18,194 [INFO] [CpuWorker] Peak reached (10.00%). Starting cooldown...
2026-05-13 18:34:18,587 [INFO] [MemoryWorker] Current Heap: 250MB
2026-05-13 18:34:19,196 [INFO] [CpuWorker] Current Load: 10.00%
2026-05-13 18:34:21,629 [INFO] [MemoryWorker] Current Heap: 275MB
2026-05-13 18:34:22,300 [INFO] [CpuWorker] Current Load: 5.54%
2026-05-13 18:34:24,403 [INFO] [CpuWorker] Cooldown complete (5.00%). Resuming load increase...
2026-05-13 18:34:24,672 [INFO] [MemoryWorker] Current Heap: 300MB
2026-05-13 18:34:25,404 [INFO] [CpuWorker] Current Load: 5.00%
2026-05-13 18:34:27,712 [INFO] [MemoryWorker] Current Heap: 325MB
2026-05-13 18:34:28,509 [INFO] [CpuWorker] Current Load: 9.70%
2026-05-13 18:34:30,611 [INFO] [CpuWorker] Peak reached (10.00%). Starting cooldown...
2026-05-13 18:34:30,751 [INFO] [MemoryWorker] Current Heap: 350MB
2026-05-13 18:34:31,613 [INFO] [CpuWorker] Current Load: 10.00%
2026-05-13 18:34:33,716 [INFO] [CpuWorker] Cooldown complete (5.00%). Resuming load increase...
2026-05-13 18:34:33,790 [INFO] [MemoryWorker] Current Heap: 375MB
2026-05-13 18:34:34,717 [INFO] [CpuWorker] Current Load: 5.00%
2026-05-13 18:34:36,831 [INFO] [CpuWorker] Peak reached (10.00%). Starting cooldown...
2026-05-13 18:34:36,831 [INFO] [MemoryWorker] Current Heap: 400MB
2026-05-13 18:34:37,832 [INFO] [CpuWorker] Current Load: 10.00%
2026-05-13 18:34:39,870 [INFO] [MemoryWorker] Current Heap: 425MB
2026-05-13 18:34:39,935 [INFO] [CpuWorker] Cooldown complete (5.00%). Resuming load increase...
2026-05-13 18:34:40,937 [INFO] [CpuWorker] Current Load: 5.00%
2026-05-13 18:34:42,909 [INFO] [MemoryWorker] Current Heap: 450MB
2026-05-13 18:34:43,040 [INFO] [CpuWorker] Peak reached (10.00%). Starting cooldown...
2026-05-13 18:34:44,042 [INFO] [CpuWorker] Current Load: 10.00%
2026-05-13 18:34:45,948 [INFO] [MemoryWorker] Current Heap: 475MB
2026-05-13 18:34:46,145 [INFO] [CpuWorker] Cooldown complete (5.00%). Resuming load increase...
2026-05-13 18:34:47,146 [INFO] [CpuWorker] Current Load: 5.00%
