>>> Starting Agent Boot Sequence...
[1/6] Checking User Account               [OK]
   ... Running as service user 'shh921shh4393' (uid=1267600500)
[2/6] Verifying Environment Variables     [OK]
   ... All required Envs correct
[3/6] Checking Required Files             [OK]
   ... Verified 'secret.key' with correct key string.
[4/6] Checking Port Availability          [OK]
   ... Port 15034 is available.
[5/6] Verifying Log Permission            [OK]
   ... Log directory is writable: /home/shh921shh4393/agent-app/logs
[6/6] Verifying Mission Environment       [OK]
   ... MEMORY_LIMIT=356MB, CPU_MAX_OCCUPY=40%, MULTI_THREAD_ENABLE=False
------------------------------------------------------------
All Boot Checks Passed!
Agent READY
2026-05-13 20:49:21,050 [INFO] [SafetyGuard] Process priority lowered (nice=10).
2026-05-13 20:49:21,050 [INFO] Agent listening at port 15034

==================================================
 [ Agent Initiate ] Resource Check 
==================================================
 [ MEMORY ] Limit: 356MB 		[ OK ]
 [ CPU    ] Limit: 40%  		[ OK ]
 [ THREAD ] Concurrency: False 		[ OK ]
--------------------------------------------------
 >>> SYSTEM STATUS: STABLE. STARTING WORKLOAD MONITORING...
==================================================

2026-05-13 20:49:23,050 [INFO] >>> Scenario Selected: [Healthy System Monitoring]

>>> [SYSTEM] ALL CONFIGURATIONS OPTIMAL. RUNNING STABILITY TEST... <<<

2026-05-13 20:49:23,051 [INFO] [Scheduler] Task Scheduler Initialized.
2026-05-13 20:49:23,051 [INFO] [Scheduler] Registered Tasks: ['Thread-A', 'Thread-B', 'Thread-C']
2026-05-13 20:49:23,052 [INFO] [Scheduler] Starting task execution...
2026-05-13 20:49:23,052 [INFO] [Thread-A] Task Started. Calculating... (20%)
2026-05-13 20:49:23,104 [INFO] [Thread-A] Calculating... (40%)
2026-05-13 20:49:23,156 [INFO] [Thread-A] Calculating... (60%)
2026-05-13 20:49:23,207 [INFO] [Thread-A] Calculating... (80%)
2026-05-13 20:49:23,259 [INFO] [Thread-A] Task Completed. (100%)
2026-05-13 20:49:23,311 [INFO] [Thread-B] Task Started. Calculating... (20%)
2026-05-13 20:49:23,376 [INFO] [Thread-B] Calculating... (40%)
2026-05-13 20:49:23,428 [INFO] [Thread-B] Calculating... (60%)
2026-05-13 20:49:23,480 [INFO] [Thread-B] Calculating... (80%)
2026-05-13 20:49:23,531 [INFO] [Thread-B] Task Completed. (100%)
2026-05-13 20:49:23,582 [INFO] [Thread-C] Task Started. Calculating... (20%)
2026-05-13 20:49:23,634 [INFO] [Thread-C] Calculating... (40%)
2026-05-13 20:49:23,685 [INFO] [Thread-C] Calculating... (60%)
2026-05-13 20:49:23,737 [INFO] [Thread-C] Calculating... (80%)
2026-05-13 20:49:23,788 [INFO] [Thread-C] Task Completed. (100%)
2026-05-13 20:49:23,840 [INFO] [Scheduler] All tasks completed.
2026-05-13 20:49:23,847 [INFO] [MemoryWorker] Current Heap: 25MB
2026-05-13 20:49:23,848 [INFO] [CpuWorker] Started. Maximum CPU Limit: 40%
2026-05-13 20:49:23,848 [INFO] [CpuWorker] Current Load: 5.00%
2026-05-13 20:49:26,855 [INFO] [MemoryWorker] Current Heap: 50MB
2026-05-13 20:49:26,952 [INFO] [CpuWorker] Current Load: 5.25%
2026-05-13 20:49:29,895 [INFO] [MemoryWorker] Current Heap: 75MB
2026-05-13 20:49:30,055 [INFO] [CpuWorker] Current Load: 5.43%
2026-05-13 20:49:32,936 [INFO] [MemoryWorker] Current Heap: 100MB
2026-05-13 20:49:33,160 [INFO] [CpuWorker] Current Load: 11.75%
2026-05-13 20:49:35,976 [INFO] [MemoryWorker] Current Heap: 125MB
2026-05-13 20:49:36,263 [INFO] [CpuWorker] Current Load: 19.70%
2026-05-13 20:49:39,016 [INFO] [MemoryWorker] Current Heap: 150MB
2026-05-13 20:49:39,367 [INFO] [CpuWorker] Current Load: 23.83%
2026-05-13 20:49:42,057 [INFO] [MemoryWorker] Current Heap: 175MB
2026-05-13 20:49:42,472 [INFO] [CpuWorker] Current Load: 29.29%
2026-05-13 20:49:45,099 [INFO] [MemoryWorker] Current Heap: 200MB
2026-05-13 20:49:45,574 [INFO] [CpuWorker] Current Load: 36.96%
2026-05-13 20:49:47,676 [INFO] [CpuWorker] Peak reached (40.00%). Starting cooldown...
2026-05-13 20:49:48,138 [INFO] [MemoryWorker] Current Heap: 225MB
2026-05-13 20:49:48,677 [INFO] [CpuWorker] Current Load: 40.00%
2026-05-13 20:49:51,179 [INFO] [MemoryWorker] Current Heap: 250MB
2026-05-13 20:49:51,779 [INFO] [CpuWorker] Current Load: 34.62%
2026-05-13 20:49:54,218 [INFO] [MemoryWorker] Current Heap: 275MB
2026-05-13 20:49:54,883 [INFO] [CpuWorker] Current Load: 28.86%
2026-05-13 20:49:57,258 [INFO] [MemoryWorker] Current Heap: 300MB
2026-05-13 20:49:57,985 [INFO] [CpuWorker] Current Load: 20.97%
2026-05-13 20:50:00,298 [INFO] [MemoryWorker] Current Heap: 325MB
2026-05-13 20:50:01,088 [INFO] [CpuWorker] Current Load: 17.20%
2026-05-13 20:50:03,338 [INFO] [MemoryWorker] Current Heap: 350MB
2026-05-13 20:50:04,193 [INFO] [CpuWorker] Current Load: 9.69%
2026-05-13 20:50:06,296 [INFO] [CpuWorker] Cooldown complete (5.00%). Resuming load increase...
2026-05-13 20:50:06,378 [INFO] [MemoryWorker] Current Heap: 375MB
2026-05-13 20:50:06,378 [WARNING] [MemoryWorker] Memory Usage Reached Limit (375MB). Starting cleanup...
2026-05-13 20:50:06,385 [INFO] [System] Memory Cache Flushed. Process Stabilized.

>>> [SYSTEM] MEMORY RECOVERED (Cache Cleared) <<<

2026-05-13 20:50:07,298 [INFO] [CpuWorker] Current Load: 5.00%
2026-05-13 20:50:10,402 [INFO] [CpuWorker] Current Load: 9.44%
2026-05-13 20:50:11,395 [INFO] [MemoryWorker] Current Heap: 25MB
2026-05-13 20:50:13,505 [INFO] [CpuWorker] Current Load: 14.12%
2026-05-13 20:50:14,403 [INFO] [MemoryWorker] Current Heap: 50MB
2026-05-13 20:50:16,609 [INFO] [CpuWorker] Current Load: 21.05%
2026-05-13 20:50:17,412 [INFO] [MemoryWorker] Current Heap: 75MB
2026-05-13 20:50:19,712 [INFO] [CpuWorker] Current Load: 21.93%
2026-05-13 20:50:20,418 [INFO] [MemoryWorker] Current Heap: 100MB
2026-05-13 20:50:22,816 [INFO] [CpuWorker] Current Load: 29.67%
2026-05-13 20:50:23,460 [INFO] [MemoryWorker] Current Heap: 125MB
2026-05-13 20:50:25,918 [INFO] [CpuWorker] Current Load: 31.84%
2026-05-13 20:50:26,498 [INFO] [MemoryWorker] Current Heap: 150MB
2026-05-13 20:50:29,022 [INFO] [CpuWorker] Current Load: 38.60%
2026-05-13 20:50:29,539 [INFO] [MemoryWorker] Current Heap: 175MB
2026-05-13 20:50:31,123 [INFO] [CpuWorker] Peak reached (40.00%). Starting cooldown...
2026-05-13 20:50:32,125 [INFO] [CpuWorker] Current Load: 40.00%
2026-05-13 20:50:32,583 [INFO] [MemoryWorker] Current Heap: 200MB
2026-05-13 20:50:35,229 [INFO] [CpuWorker] Current Load: 31.69%
2026-05-13 20:50:35,624 [INFO] [MemoryWorker] Current Heap: 225MB
2026-05-13 20:50:38,333 [INFO] [CpuWorker] Current Load: 24.05%
2026-05-13 20:50:38,662 [INFO] [MemoryWorker] Current Heap: 250MB
2026-05-13 20:50:41,436 [INFO] [CpuWorker] Current Load: 17.00%
2026-05-13 20:50:41,699 [INFO] [MemoryWorker] Current Heap: 275MB
2026-05-13 20:50:44,541 [INFO] [CpuWorker] Current Load: 9.39%
2026-05-13 20:50:44,738 [INFO] [MemoryWorker] Current Heap: 300MB
2026-05-13 20:50:46,642 [INFO] [CpuWorker] Cooldown complete (5.00%). Resuming load increase...
2026-05-13 20:50:47,645 [INFO] [CpuWorker] Current Load: 5.00%
2026-05-13 20:50:47,775 [INFO] [MemoryWorker] Current Heap: 325MB
2026-05-13 20:50:50,815 [INFO] [CpuWorker] Current Load: 14.54%
2026-05-13 20:50:50,816 [INFO] [MemoryWorker] Current Heap: 350MB
2026-05-13 20:50:53,866 [INFO] [MemoryWorker] Current Heap: 375MB
2026-05-13 20:50:53,866 [WARNING] [MemoryWorker] Memory Usage Reached Limit (375MB). Starting cleanup...
2026-05-13 20:50:53,872 [INFO] [System] Memory Cache Flushed. Process Stabilized.

>>> [SYSTEM] MEMORY RECOVERED (Cache Cleared) <<<

2026-05-13 20:50:53,918 [INFO] [CpuWorker] Current Load: 14.89%
2026-05-13 20:50:57,020 [INFO] [CpuWorker] Current Load: 18.76%
2026-05-13 20:50:58,875 [INFO] [MemoryWorker] Current Heap: 25MB
2026-05-13 20:51:00,123 [INFO] [CpuWorker] Current Load: 26.42%
2026-05-13 20:51:01,878 [INFO] [MemoryWorker] Current Heap: 50MB
2026-05-13 20:51:03,229 [INFO] [CpuWorker] Current Load: 26.68%
2026-05-13 20:51:04,919 [INFO] [MemoryWorker] Current Heap: 75MB
2026-05-13 20:51:06,332 [INFO] [CpuWorker] Current Load: 28.57%
2026-05-13 20:51:07,959 [INFO] [MemoryWorker] Current Heap: 100MB
2026-05-13 20:51:09,455 [INFO] [CpuWorker] Current Load: 36.70%
2026-05-13 20:51:10,998 [INFO] [MemoryWorker] Current Heap: 125MB
2026-05-13 20:51:12,560 [INFO] [CpuWorker] Current Load: 37.72%
2026-05-13 20:51:14,036 [INFO] [MemoryWorker] Current Heap: 150MB
2026-05-13 20:51:15,663 [INFO] [CpuWorker] Current Load: 39.72%
2026-05-13 20:51:17,075 [INFO] [MemoryWorker] Current Heap: 175MB
2026-05-13 20:51:17,767 [INFO] [CpuWorker] Peak reached (40.00%). Starting cooldown...
2026-05-13 20:51:18,768 [INFO] [CpuWorker] Current Load: 40.00%
2026-05-13 20:51:20,115 [INFO] [MemoryWorker] Current Heap: 200MB
2026-05-13 20:51:21,870 [INFO] [CpuWorker] Current Load: 31.72%
2026-05-13 20:51:23,151 [INFO] [MemoryWorker] Current Heap: 225MB
2026-05-13 20:51:24,974 [INFO] [CpuWorker] Current Load: 22.66%
2026-05-13 20:51:26,190 [INFO] [MemoryWorker] Current Heap: 250MB
2026-05-13 20:51:28,078 [INFO] [CpuWorker] Current Load: 21.13%
2026-05-13 20:51:29,230 [INFO] [MemoryWorker] Current Heap: 275MB
2026-05-13 20:51:31,182 [INFO] [CpuWorker] Current Load: 19.49%
2026-05-13 20:51:32,268 [INFO] [MemoryWorker] Current Heap: 300MB
2026-05-13 20:51:34,285 [INFO] [CpuWorker] Current Load: 15.05%
2026-05-13 20:51:35,308 [INFO] [MemoryWorker] Current Heap: 325MB
2026-05-13 20:51:37,389 [INFO] [CpuWorker] Current Load: 11.26%
2026-05-13 20:51:38,348 [INFO] [MemoryWorker] Current Heap: 350MB
2026-05-13 20:51:40,493 [INFO] [CpuWorker] Current Load: 8.86%
2026-05-13 20:51:41,391 [INFO] [MemoryWorker] Current Heap: 375MB
2026-05-13 20:51:41,391 [WARNING] [MemoryWorker] Memory Usage Reached Limit (375MB). Starting cleanup...
2026-05-13 20:51:41,397 [INFO] [System] Memory Cache Flushed. Process Stabilized.

>>> [SYSTEM] MEMORY RECOVERED (Cache Cleared) <<<

2026-05-13 20:51:43,596 [INFO] [CpuWorker] Current Load: 6.78%
2026-05-13 20:51:45,715 [INFO] [CpuWorker] Cooldown complete (5.00%). Resuming load increase...
2026-05-13 20:51:46,401 [INFO] [MemoryWorker] Current Heap: 25MB
2026-05-13 20:51:46,717 [INFO] [CpuWorker] Current Load: 5.00%
2026-05-13 20:51:49,404 [INFO] [MemoryWorker] Current Heap: 50MB
2026-05-13 20:51:49,819 [INFO] [CpuWorker] Current Load: 11.48%
2026-05-13 20:51:52,412 [INFO] [MemoryWorker] Current Heap: 75MB
2026-05-13 20:51:52,922 [INFO] [CpuWorker] Current Load: 20.68%
2026-05-13 20:51:55,427 [INFO] [MemoryWorker] Current Heap: 100MB
2026-05-13 20:51:56,026 [INFO] [CpuWorker] Current Load: 23.14%
2026-05-13 20:51:58,466 [INFO] [MemoryWorker] Current Heap: 125MB
2026-05-13 20:51:59,130 [INFO] [CpuWorker] Current Load: 23.54%
2026-05-13 20:52:01,506 [INFO] [MemoryWorker] Current Heap: 150MB
2026-05-13 20:52:02,236 [INFO] [CpuWorker] Current Load: 27.33%
2026-05-13 20:52:04,544 [INFO] [MemoryWorker] Current Heap: 175MB
2026-05-13 20:52:05,339 [INFO] [CpuWorker] Current Load: 34.84%
2026-05-13 20:52:07,584 [INFO] [MemoryWorker] Current Heap: 200MB
2026-05-13 20:52:08,442 [INFO] [CpuWorker] Current Load: 39.01%
2026-05-13 20:52:10,545 [INFO] [CpuWorker] Peak reached (40.00%). Starting cooldown...
2026-05-13 20:52:10,620 [INFO] [MemoryWorker] Current Heap: 225MB
2026-05-13 20:52:11,546 [INFO] [CpuWorker] Current Load: 40.00%
2026-05-13 20:52:13,657 [INFO] [MemoryWorker] Current Heap: 250MB
2026-05-13 20:52:14,658 [INFO] [CpuWorker] Current Load: 38.25%
2026-05-13 20:52:16,697 [INFO] [MemoryWorker] Current Heap: 275MB
2026-05-13 20:52:17,763 [INFO] [CpuWorker] Current Load: 30.69%
2026-05-13 20:52:19,737 [INFO] [MemoryWorker] Current Heap: 300MB
2026-05-13 20:52:20,867 [INFO] [CpuWorker] Current Load: 24.88%
2026-05-13 20:52:22,778 [INFO] [MemoryWorker] Current Heap: 325MB
2026-05-13 20:52:23,971 [INFO] [CpuWorker] Current Load: 17.05%
2026-05-13 20:52:25,817 [INFO] [MemoryWorker] Current Heap: 350MB
2026-05-13 20:52:27,074 [INFO] [CpuWorker] Current Load: 9.71%
2026-05-13 20:52:28,859 [INFO] [MemoryWorker] Current Heap: 375MB
2026-05-13 20:52:28,859 [WARNING] [MemoryWorker] Memory Usage Reached Limit (375MB). Starting cleanup...
2026-05-13 20:52:28,867 [INFO] [System] Memory Cache Flushed. Process Stabilized.

>>> [SYSTEM] MEMORY RECOVERED (Cache Cleared) <<<

2026-05-13 20:52:30,175 [INFO] [CpuWorker] Current Load: 8.20%
2026-05-13 20:52:32,277 [INFO] [CpuWorker] Cooldown complete (5.00%). Resuming load increase...
2026-05-13 20:52:33,279 [INFO] [CpuWorker] Current Load: 5.00%
2026-05-13 20:52:33,870 [INFO] [MemoryWorker] Current Heap: 25MB
2026-05-13 20:52:36,382 [INFO] [CpuWorker] Current Load: 11.24%
2026-05-13 20:52:36,901 [INFO] [MemoryWorker] Current Heap: 50MB
2026-05-13 20:52:39,487 [INFO] [CpuWorker] Current Load: 14.90%
2026-05-13 20:52:39,913 [INFO] [MemoryWorker] Current Heap: 75MB
2026-05-13 20:52:42,590 [INFO] [CpuWorker] Current Load: 21.17%
2026-05-13 20:52:42,920 [INFO] [MemoryWorker] Current Heap: 100MB
2026-05-13 20:52:45,693 [INFO] [CpuWorker] Current Load: 29.64%
2026-05-13 20:52:45,960 [INFO] [MemoryWorker] Current Heap: 125MB
2026-05-13 20:52:48,794 [INFO] [CpuWorker] Current Load: 38.60%
2026-05-13 20:52:49,001 [INFO] [MemoryWorker] Current Heap: 150MB
2026-05-13 20:52:50,897 [INFO] [CpuWorker] Peak reached (40.00%). Starting cooldown...
2026-05-13 20:52:51,899 [INFO] [CpuWorker] Current Load: 40.00%
2026-05-13 20:52:52,045 [INFO] [MemoryWorker] Current Heap: 175MB
2026-05-13 20:52:55,003 [INFO] [CpuWorker] Current Load: 30.85%
2026-05-13 20:52:55,085 [INFO] [MemoryWorker] Current Heap: 200MB
2026-05-13 20:52:58,114 [INFO] [CpuWorker] Current Load: 22.98%
2026-05-13 20:52:58,114 [INFO] [MemoryWorker] Current Heap: 225MB
2026-05-13 20:53:01,169 [INFO] [MemoryWorker] Current Heap: 250MB
2026-05-13 20:53:01,221 [INFO] [CpuWorker] Current Load: 22.14%
2026-05-13 20:53:04,209 [INFO] [MemoryWorker] Current Heap: 275MB
2026-05-13 20:53:04,325 [INFO] [CpuWorker] Current Load: 17.93%
2026-05-13 20:53:07,249 [INFO] [MemoryWorker] Current Heap: 300MB
2026-05-13 20:53:07,429 [INFO] [CpuWorker] Current Load: 7.98%
2026-05-13 20:53:10,289 [INFO] [MemoryWorker] Current Heap: 325MB
2026-05-13 20:53:10,533 [INFO] [CpuWorker] Current Load: 5.49%
2026-05-13 20:53:12,636 [INFO] [CpuWorker] Cooldown complete (5.00%). Resuming load increase...
2026-05-13 20:53:13,330 [INFO] [MemoryWorker] Current Heap: 350MB
2026-05-13 20:53:13,637 [INFO] [CpuWorker] Current Load: 5.00%
2026-05-13 20:53:16,370 [INFO] [MemoryWorker] Current Heap: 375MB
2026-05-13 20:53:16,370 [WARNING] [MemoryWorker] Memory Usage Reached Limit (375MB). Starting cleanup...
2026-05-13 20:53:16,377 [INFO] [System] Memory Cache Flushed. Process Stabilized.

>>> [SYSTEM] MEMORY RECOVERED (Cache Cleared) <<<

2026-05-13 20:53:16,739 [INFO] [CpuWorker] Current Load: 8.84%
2026-05-13 20:53:19,843 [INFO] [CpuWorker] Current Load: 16.34%
2026-05-13 20:53:21,380 [INFO] [MemoryWorker] Current Heap: 25MB
2026-05-13 20:53:22,944 [INFO] [CpuWorker] Current Load: 24.28%
2026-05-13 20:53:24,381 [INFO] [MemoryWorker] Current Heap: 50MB
2026-05-13 20:53:26,047 [INFO] [CpuWorker] Current Load: 24.61%
2026-05-13 20:53:27,388 [INFO] [MemoryWorker] Current Heap: 75MB
2026-05-13 20:53:29,151 [INFO] [CpuWorker] Current Load: 26.09%
2026-05-13 20:53:30,396 [INFO] [MemoryWorker] Current Heap: 100MB
2026-05-13 20:53:32,256 [INFO] [CpuWorker] Current Load: 29.63%
2026-05-13 20:53:33,437 [INFO] [MemoryWorker] Current Heap: 125MB
2026-05-13 20:53:35,359 [INFO] [CpuWorker] Current Load: 34.36%
2026-05-13 20:53:36,478 [INFO] [MemoryWorker] Current Heap: 150MB
2026-05-13 20:53:37,460 [INFO] [CpuWorker] Peak reached (40.00%). Starting cooldown...
2026-05-13 20:53:38,462 [INFO] [CpuWorker] Current Load: 40.00%
2026-05-13 20:53:39,517 [INFO] [MemoryWorker] Current Heap: 175MB
2026-05-13 20:53:41,566 [INFO] [CpuWorker] Current Load: 39.57%
2026-05-13 20:53:42,541 [INFO] [MemoryWorker] Current Heap: 200MB
2026-05-13 20:53:44,670 [INFO] [CpuWorker] Current Load: 29.58%
2026-05-13 20:53:45,582 [INFO] [MemoryWorker] Current Heap: 225MB
2026-05-13 20:53:47,772 [INFO] [CpuWorker] Current Load: 27.86%
2026-05-13 20:53:48,622 [INFO] [MemoryWorker] Current Heap: 250MB
2026-05-13 20:53:50,877 [INFO] [CpuWorker] Current Load: 20.26%
2026-05-13 20:53:51,663 [INFO] [MemoryWorker] Current Heap: 275MB
2026-05-13 20:53:53,981 [INFO] [CpuWorker] Current Load: 11.85%
2026-05-13 20:53:54,703 [INFO] [MemoryWorker] Current Heap: 300MB
2026-05-13 20:53:57,083 [INFO] [CpuWorker] Current Load: 10.19%
2026-05-13 20:53:57,743 [INFO] [MemoryWorker] Current Heap: 325MB
2026-05-13 20:53:59,186 [INFO] [CpuWorker] Cooldown complete (5.00%). Resuming load increase...
2026-05-13 20:54:00,187 [INFO] [CpuWorker] Current Load: 5.00%
2026-05-13 20:54:00,783 [INFO] [MemoryWorker] Current Heap: 350MB
2026-05-13 20:54:03,290 [INFO] [CpuWorker] Current Load: 10.42%
2026-05-13 20:54:03,823 [INFO] [MemoryWorker] Current Heap: 375MB
2026-05-13 20:54:03,823 [WARNING] [MemoryWorker] Memory Usage Reached Limit (375MB). Starting cleanup...
2026-05-13 20:54:03,830 [INFO] [System] Memory Cache Flushed. Process Stabilized.

>>> [SYSTEM] MEMORY RECOVERED (Cache Cleared) <<<

2026-05-13 20:54:06,393 [INFO] [CpuWorker] Current Load: 16.88%
2026-05-13 20:54:08,835 [INFO] [MemoryWorker] Current Heap: 25MB
2026-05-13 20:54:09,497 [INFO] [CpuWorker] Current Load: 20.74%
2026-05-13 20:54:11,837 [INFO] [MemoryWorker] Current Heap: 50MB
2026-05-13 20:54:12,601 [INFO] [CpuWorker] Current Load: 21.17%
2026-05-13 20:54:14,845 [INFO] [MemoryWorker] Current Heap: 75MB
2026-05-13 20:54:15,704 [INFO] [CpuWorker] Current Load: 30.10%
2026-05-13 20:54:17,853 [INFO] [MemoryWorker] Current Heap: 100MB
2026-05-13 20:54:18,806 [INFO] [CpuWorker] Current Load: 37.49%
2026-05-13 20:54:20,894 [INFO] [MemoryWorker] Current Heap: 125MB
2026-05-13 20:54:20,908 [INFO] [CpuWorker] Peak reached (40.00%). Starting cooldown...
2026-05-13 20:54:21,910 [INFO] [CpuWorker] Current Load: 40.00%
2026-05-13 20:54:23,935 [INFO] [MemoryWorker] Current Heap: 150MB
2026-05-13 20:54:25,013 [INFO] [CpuWorker] Current Load: 33.80%
2026-05-13 20:54:26,976 [INFO] [MemoryWorker] Current Heap: 175MB
2026-05-13 20:54:28,115 [INFO] [CpuWorker] Current Load: 31.28%
2026-05-13 20:54:30,015 [INFO] [MemoryWorker] Current Heap: 200MB
2026-05-13 20:54:31,218 [INFO] [CpuWorker] Current Load: 29.69%
2026-05-13 20:54:33,056 [INFO] [MemoryWorker] Current Heap: 225MB
2026-05-13 20:54:34,321 [INFO] [CpuWorker] Current Load: 24.11%
2026-05-13 20:54:36,097 [INFO] [MemoryWorker] Current Heap: 250MB
2026-05-13 20:54:37,425 [INFO] [CpuWorker] Current Load: 18.20%
2026-05-13 20:54:39,137 [INFO] [MemoryWorker] Current Heap: 275MB
2026-05-13 20:54:40,529 [INFO] [CpuWorker] Current Load: 9.49%
2026-05-13 20:54:42,176 [INFO] [MemoryWorker] Current Heap: 300MB
2026-05-13 20:54:42,630 [INFO] [CpuWorker] Cooldown complete (5.00%). Resuming load increase...
2026-05-13 20:54:43,631 [INFO] [CpuWorker] Current Load: 5.00%
2026-05-13 20:54:45,217 [INFO] [MemoryWorker] Current Heap: 325MB
2026-05-13 20:54:46,733 [INFO] [CpuWorker] Current Load: 11.47%
2026-05-13 20:54:48,256 [INFO] [MemoryWorker] Current Heap: 350MB
2026-05-13 20:54:49,840 [INFO] [CpuWorker] Current Load: 21.46%
2026-05-13 20:54:51,297 [INFO] [MemoryWorker] Current Heap: 375MB
2026-05-13 20:54:51,297 [WARNING] [MemoryWorker] Memory Usage Reached Limit (375MB). Starting cleanup...
2026-05-13 20:54:51,305 [INFO] [System] Memory Cache Flushed. Process Stabilized.

>>> [SYSTEM] MEMORY RECOVERED (Cache Cleared) <<<

2026-05-13 20:54:52,942 [INFO] [CpuWorker] Current Load: 28.99%
2026-05-13 20:54:56,044 [INFO] [CpuWorker] Current Load: 36.15%
2026-05-13 20:54:56,306 [INFO] [MemoryWorker] Current Heap: 25MB
2026-05-13 20:54:58,146 [INFO] [CpuWorker] Peak reached (40.00%). Starting cooldown...
2026-05-13 20:54:59,146 [INFO] [CpuWorker] Current Load: 40.00%
2026-05-13 20:54:59,309 [INFO] [MemoryWorker] Current Heap: 50MB
2026-05-13 20:55:02,251 [INFO] [CpuWorker] Current Load: 36.44%
2026-05-13 20:55:02,315 [INFO] [MemoryWorker] Current Heap: 75MB
2026-05-13 20:55:05,323 [INFO] [MemoryWorker] Current Heap: 100MB
2026-05-13 20:55:05,354 [INFO] [CpuWorker] Current Load: 28.64%
2026-05-13 20:55:08,363 [INFO] [MemoryWorker] Current Heap: 125MB
2026-05-13 20:55:08,459 [INFO] [CpuWorker] Current Load: 23.50%
2026-05-13 20:55:11,404 [INFO] [MemoryWorker] Current Heap: 150MB
2026-05-13 20:55:11,563 [INFO] [CpuWorker] Current Load: 21.87%
2026-05-13 20:55:14,443 [INFO] [MemoryWorker] Current Heap: 175MB
2026-05-13 20:55:14,665 [INFO] [CpuWorker] Current Load: 12.47%
2026-05-13 20:55:16,768 [INFO] [CpuWorker] Cooldown complete (5.00%). Resuming load increase...
2026-05-13 20:55:17,483 [INFO] [MemoryWorker] Current Heap: 200MB
2026-05-13 20:55:17,770 [INFO] [CpuWorker] Current Load: 5.00%
2026-05-13 20:55:20,523 [INFO] [MemoryWorker] Current Heap: 225MB
2026-05-13 20:55:20,873 [INFO] [CpuWorker] Current Load: 10.20%
2026-05-13 20:55:23,563 [INFO] [MemoryWorker] Current Heap: 250MB
2026-05-13 20:55:23,976 [INFO] [CpuWorker] Current Load: 12.67%
2026-05-13 20:55:26,603 [INFO] [MemoryWorker] Current Heap: 275MB
2026-05-13 20:55:27,078 [INFO] [CpuWorker] Current Load: 16.90%
2026-05-13 20:55:29,644 [INFO] [MemoryWorker] Current Heap: 300MB
2026-05-13 20:55:30,180 [INFO] [CpuWorker] Current Load: 20.45%
2026-05-13 20:55:32,686 [INFO] [MemoryWorker] Current Heap: 325MB
2026-05-13 20:55:33,282 [INFO] [CpuWorker] Current Load: 27.42%
2026-05-13 20:55:35,726 [INFO] [MemoryWorker] Current Heap: 350MB
2026-05-13 20:55:36,384 [INFO] [CpuWorker] Current Load: 30.55%
2026-05-13 20:55:38,766 [INFO] [MemoryWorker] Current Heap: 375MB
2026-05-13 20:55:38,766 [WARNING] [MemoryWorker] Memory Usage Reached Limit (375MB). Starting cleanup...
2026-05-13 20:55:38,773 [INFO] [System] Memory Cache Flushed. Process Stabilized.

>>> [SYSTEM] MEMORY RECOVERED (Cache Cleared) <<<

2026-05-13 20:55:39,488 [INFO] [CpuWorker] Current Load: 37.21%
2026-05-13 20:55:41,606 [INFO] [CpuWorker] Peak reached (40.00%). Starting cooldown...
2026-05-13 20:55:42,607 [INFO] [CpuWorker] Current Load: 40.00%
2026-05-13 20:55:43,776 [INFO] [MemoryWorker] Current Heap: 25MB
2026-05-13 20:55:45,713 [INFO] [CpuWorker] Current Load: 30.57%
2026-05-13 20:55:46,779 [INFO] [MemoryWorker] Current Heap: 50MB
2026-05-13 20:55:48,817 [INFO] [CpuWorker] Current Load: 20.65%
2026-05-13 20:55:49,786 [INFO] [MemoryWorker] Current Heap: 75MB
2026-05-13 20:55:51,921 [INFO] [CpuWorker] Current Load: 12.41%
2026-05-13 20:55:52,794 [INFO] [MemoryWorker] Current Heap: 100MB
2026-05-13 20:55:55,025 [INFO] [CpuWorker] Current Load: 8.12%
2026-05-13 20:55:55,830 [INFO] [MemoryWorker] Current Heap: 125MB
2026-05-13 20:55:58,128 [INFO] [CpuWorker] Current Load: 7.37%
2026-05-13 20:55:58,871 [INFO] [MemoryWorker] Current Heap: 150MB
2026-05-13 20:56:00,231 [INFO] [CpuWorker] Cooldown complete (5.00%). Resuming load increase...
2026-05-13 20:56:01,233 [INFO] [CpuWorker] Current Load: 5.00%
2026-05-13 20:56:01,911 [INFO] [MemoryWorker] Current Heap: 175MB
2026-05-13 20:56:04,336 [INFO] [CpuWorker] Current Load: 14.00%
2026-05-13 20:56:04,950 [INFO] [MemoryWorker] Current Heap: 200MB
2026-05-13 20:56:07,441 [INFO] [CpuWorker] Current Load: 16.89%
2026-05-13 20:56:07,991 [INFO] [MemoryWorker] Current Heap: 225MB
2026-05-13 20:56:10,543 [INFO] [CpuWorker] Current Load: 22.60%
2026-05-13 20:56:11,031 [INFO] [MemoryWorker] Current Heap: 250MB
2026-05-13 20:56:13,647 [INFO] [CpuWorker] Current Load: 29.83%
2026-05-13 20:56:14,071 [INFO] [MemoryWorker] Current Heap: 275MB
2026-05-13 20:56:16,768 [INFO] [CpuWorker] Current Load: 31.66%
2026-05-13 20:56:17,111 [INFO] [MemoryWorker] Current Heap: 300MB
2026-05-13 20:56:19,872 [INFO] [CpuWorker] Current Load: 34.19%
2026-05-13 20:56:20,152 [INFO] [MemoryWorker] Current Heap: 325MB
2026-05-13 20:56:22,976 [INFO] [CpuWorker] Current Load: 34.69%
2026-05-13 20:56:23,192 [INFO] [MemoryWorker] Current Heap: 350MB
2026-05-13 20:56:25,078 [INFO] [CpuWorker] Peak reached (40.00%). Starting cooldown...
2026-05-13 20:56:26,078 [INFO] [CpuWorker] Current Load: 40.00%
2026-05-13 20:56:26,232 [INFO] [MemoryWorker] Current Heap: 375MB
2026-05-13 20:56:26,232 [WARNING] [MemoryWorker] Memory Usage Reached Limit (375MB). Starting cleanup...
2026-05-13 20:56:26,239 [INFO] [System] Memory Cache Flushed. Process Stabilized.

>>> [SYSTEM] MEMORY RECOVERED (Cache Cleared) <<<

2026-05-13 20:56:29,183 [INFO] [CpuWorker] Current Load: 38.87%
2026-05-13 20:56:31,242 [INFO] [MemoryWorker] Current Heap: 25MB
2026-05-13 20:56:32,286 [INFO] [CpuWorker] Current Load: 33.28%
2026-05-13 20:56:34,245 [INFO] [MemoryWorker] Current Heap: 50MB
2026-05-13 20:56:35,390 [INFO] [CpuWorker] Current Load: 26.84%
2026-05-13 20:56:37,253 [INFO] [MemoryWorker] Current Heap: 75MB
2026-05-13 20:56:38,495 [INFO] [CpuWorker] Current Load: 26.05%
2026-05-13 20:56:40,260 [INFO] [MemoryWorker] Current Heap: 100MB
2026-05-13 20:56:41,599 [INFO] [CpuWorker] Current Load: 20.64%
2026-05-13 20:56:43,301 [INFO] [MemoryWorker] Current Heap: 125MB
2026-05-13 20:56:44,702 [INFO] [CpuWorker] Current Load: 18.52%
2026-05-13 20:56:46,342 [INFO] [MemoryWorker] Current Heap: 150MB
2026-05-13 20:56:47,805 [INFO] [CpuWorker] Current Load: 12.24%
2026-05-13 20:56:49,379 [INFO] [MemoryWorker] Current Heap: 175MB
2026-05-13 20:56:49,908 [INFO] [CpuWorker] Cooldown complete (5.00%). Resuming load increase...
2026-05-13 20:56:50,910 [INFO] [CpuWorker] Current Load: 5.00%
2026-05-13 20:56:52,420 [INFO] [MemoryWorker] Current Heap: 200MB
2026-05-13 20:56:54,012 [INFO] [CpuWorker] Current Load: 12.75%
2026-05-13 20:56:55,460 [INFO] [MemoryWorker] Current Heap: 225MB
2026-05-13 20:56:57,116 [INFO] [CpuWorker] Current Load: 19.49%
2026-05-13 20:56:58,500 [INFO] [MemoryWorker] Current Heap: 250MB
2026-05-13 20:57:00,220 [INFO] [CpuWorker] Current Load: 21.32%
2026-05-13 20:57:01,540 [INFO] [MemoryWorker] Current Heap: 275MB
2026-05-13 20:57:03,324 [INFO] [CpuWorker] Current Load: 21.47%
2026-05-13 20:57:04,581 [INFO] [MemoryWorker] Current Heap: 300MB
2026-05-13 20:57:06,427 [INFO] [CpuWorker] Current Load: 25.96%
2026-05-13 20:57:07,621 [INFO] [MemoryWorker] Current Heap: 325MB
2026-05-13 20:57:09,529 [INFO] [CpuWorker] Current Load: 31.18%
2026-05-13 20:57:10,661 [INFO] [MemoryWorker] Current Heap: 350MB
2026-05-13 20:57:12,631 [INFO] [CpuWorker] Current Load: 33.29%
2026-05-13 20:57:13,701 [INFO] [MemoryWorker] Current Heap: 375MB
2026-05-13 20:57:13,701 [WARNING] [MemoryWorker] Memory Usage Reached Limit (375MB). Starting cleanup...
2026-05-13 20:57:13,708 [INFO] [System] Memory Cache Flushed. Process Stabilized.

>>> [SYSTEM] MEMORY RECOVERED (Cache Cleared) <<<

2026-05-13 20:57:14,734 [INFO] [CpuWorker] Peak reached (40.00%). Starting cooldown...
2026-05-13 20:57:15,736 [INFO] [CpuWorker] Current Load: 40.00%
2026-05-13 20:57:18,711 [INFO] [MemoryWorker] Current Heap: 25MB
2026-05-13 20:57:18,839 [INFO] [CpuWorker] Current Load: 31.30%
2026-05-13 20:57:21,712 [INFO] [MemoryWorker] Current Heap: 50MB
2026-05-13 20:57:21,941 [INFO] [CpuWorker] Current Load: 27.95%
2026-05-13 20:57:24,719 [INFO] [MemoryWorker] Current Heap: 75MB
2026-05-13 20:57:25,045 [INFO] [CpuWorker] Current Load: 22.60%
2026-05-13 20:57:27,728 [INFO] [MemoryWorker] Current Heap: 100MB
2026-05-13 20:57:28,150 [INFO] [CpuWorker] Current Load: 20.12%
2026-05-13 20:57:30,767 [INFO] [MemoryWorker] Current Heap: 125MB
2026-05-13 20:57:31,253 [INFO] [CpuWorker] Current Load: 12.48%
2026-05-13 20:57:33,808 [INFO] [MemoryWorker] Current Heap: 150MB
2026-05-13 20:57:34,355 [INFO] [CpuWorker] Current Load: 5.94%
2026-05-13 20:57:36,456 [INFO] [CpuWorker] Cooldown complete (5.00%). Resuming load increase...
2026-05-13 20:57:36,846 [INFO] [MemoryWorker] Current Heap: 175MB
2026-05-13 20:57:37,456 [INFO] [CpuWorker] Current Load: 5.00%
2026-05-13 20:57:39,931 [INFO] [MemoryWorker] Current Heap: 200MB
2026-05-13 20:57:40,559 [INFO] [CpuWorker] Current Load: 10.75%
2026-05-13 20:57:42,972 [INFO] [MemoryWorker] Current Heap: 225MB
2026-05-13 20:57:43,662 [INFO] [CpuWorker] Current Load: 20.73%
2026-05-13 20:57:46,012 [INFO] [MemoryWorker] Current Heap: 250MB
2026-05-13 20:57:46,765 [INFO] [CpuWorker] Current Load: 28.52%
2026-05-13 20:57:49,053 [INFO] [MemoryWorker] Current Heap: 275MB
2026-05-13 20:57:49,868 [INFO] [CpuWorker] Current Load: 33.39%
2026-05-13 20:57:52,093 [INFO] [MemoryWorker] Current Heap: 300MB
2026-05-13 20:57:52,971 [INFO] [CpuWorker] Current Load: 38.63%
2026-05-13 20:57:55,074 [INFO] [CpuWorker] Peak reached (40.00%). Starting cooldown...
2026-05-13 20:57:55,134 [INFO] [MemoryWorker] Current Heap: 325MB
2026-05-13 20:57:56,075 [INFO] [CpuWorker] Current Load: 40.00%
2026-05-13 20:57:58,174 [INFO] [MemoryWorker] Current Heap: 350MB
2026-05-13 20:57:59,179 [INFO] [CpuWorker] Current Load: 36.68%
2026-05-13 20:58:01,214 [INFO] [MemoryWorker] Current Heap: 375MB
2026-05-13 20:58:01,215 [WARNING] [MemoryWorker] Memory Usage Reached Limit (375MB). Starting cleanup...
2026-05-13 20:58:01,223 [INFO] [System] Memory Cache Flushed. Process Stabilized.

>>> [SYSTEM] MEMORY RECOVERED (Cache Cleared) <<<

2026-05-13 20:58:02,281 [INFO] [CpuWorker] Current Load: 35.24%
2026-05-13 20:58:05,384 [INFO] [CpuWorker] Current Load: 30.02%
2026-05-13 20:58:06,226 [INFO] [MemoryWorker] Current Heap: 25MB
2026-05-13 20:58:08,488 [INFO] [CpuWorker] Current Load: 29.81%
2026-05-13 20:58:09,229 [INFO] [MemoryWorker] Current Heap: 50MB
2026-05-13 20:58:11,591 [INFO] [CpuWorker] Current Load: 26.84%
2026-05-13 20:58:12,237 [INFO] [MemoryWorker] Current Heap: 75MB
2026-05-13 20:58:14,696 [INFO] [CpuWorker] Current Load: 19.87%
2026-05-13 20:58:15,245 [INFO] [MemoryWorker] Current Heap: 100MB
2026-05-13 20:58:17,800 [INFO] [CpuWorker] Current Load: 15.24%
2026-05-13 20:58:18,286 [INFO] [MemoryWorker] Current Heap: 125MB
2026-05-13 20:58:20,903 [INFO] [CpuWorker] Current Load: 12.27%
2026-05-13 20:58:21,326 [INFO] [MemoryWorker] Current Heap: 150MB
2026-05-13 20:58:23,006 [INFO] [CpuWorker] Cooldown complete (5.00%). Resuming load increase...
2026-05-13 20:58:24,007 [INFO] [CpuWorker] Current Load: 5.00%
2026-05-13 20:58:24,367 [INFO] [MemoryWorker] Current Heap: 175MB
2026-05-13 20:58:27,111 [INFO] [CpuWorker] Current Load: 8.43%
2026-05-13 20:58:27,408 [INFO] [MemoryWorker] Current Heap: 200MB
2026-05-13 20:58:30,215 [INFO] [CpuWorker] Current Load: 13.56%
2026-05-13 20:58:30,449 [INFO] [MemoryWorker] Current Heap: 225MB
2026-05-13 20:58:33,319 [INFO] [CpuWorker] Current Load: 13.77%
2026-05-13 20:58:33,487 [INFO] [MemoryWorker] Current Heap: 250MB
2026-05-13 20:58:36,423 [INFO] [CpuWorker] Current Load: 16.62%
2026-05-13 20:58:36,535 [INFO] [MemoryWorker] Current Heap: 275MB
2026-05-13 20:58:39,574 [INFO] [CpuWorker] Current Load: 25.49%
2026-05-13 20:58:39,574 [INFO] [MemoryWorker] Current Heap: 300MB
2026-05-13 20:58:42,619 [INFO] [MemoryWorker] Current Heap: 325MB
2026-05-13 20:58:42,676 [INFO] [CpuWorker] Current Load: 32.53%
2026-05-13 20:58:44,779 [INFO] [CpuWorker] Peak reached (40.00%). Starting cooldown...
2026-05-13 20:58:45,656 [INFO] [MemoryWorker] Current Heap: 350MB
2026-05-13 20:58:45,780 [INFO] [CpuWorker] Current Load: 40.00%
2026-05-13 20:58:48,696 [INFO] [MemoryWorker] Current Heap: 375MB
2026-05-13 20:58:48,697 [WARNING] [MemoryWorker] Memory Usage Reached Limit (375MB). Starting cleanup...
2026-05-13 20:58:48,703 [INFO] [System] Memory Cache Flushed. Process Stabilized.

>>> [SYSTEM] MEMORY RECOVERED (Cache Cleared) <<<

2026-05-13 20:58:48,883 [INFO] [CpuWorker] Current Load: 39.59%
2026-05-13 20:58:51,986 [INFO] [CpuWorker] Current Load: 37.38%
2026-05-13 20:58:53,705 [INFO] [MemoryWorker] Current Heap: 25MB
2026-05-13 20:58:55,091 [INFO] [CpuWorker] Current Load: 36.98%
2026-05-13 20:58:56,707 [INFO] [MemoryWorker] Current Heap: 50MB
2026-05-13 20:58:58,193 [INFO] [CpuWorker] Current Load: 28.20%
2026-05-13 20:58:59,714 [INFO] [MemoryWorker] Current Heap: 75MB
2026-05-13 20:59:01,297 [INFO] [CpuWorker] Current Load: 23.51%
2026-05-13 20:59:02,720 [INFO] [MemoryWorker] Current Heap: 100MB
2026-05-13 20:59:04,399 [INFO] [CpuWorker] Current Load: 18.24%
2026-05-13 20:59:05,761 [INFO] [MemoryWorker] Current Heap: 125MB
2026-05-13 20:59:07,502 [INFO] [CpuWorker] Current Load: 10.41%
2026-05-13 20:59:08,801 [INFO] [MemoryWorker] Current Heap: 150MB
2026-05-13 20:59:10,623 [INFO] [CpuWorker] Current Load: 7.54%
2026-05-13 20:59:11,839 [INFO] [MemoryWorker] Current Heap: 175MB
2026-05-13 20:59:13,725 [INFO] [CpuWorker] Current Load: 7.36%
2026-05-13 20:59:14,879 [INFO] [MemoryWorker] Current Heap: 200MB
2026-05-13 20:59:15,828 [INFO] [CpuWorker] Cooldown complete (5.00%). Resuming load increase...
2026-05-13 20:59:16,830 [INFO] [CpuWorker] Current Load: 5.00%
2026-05-13 20:59:17,920 [INFO] [MemoryWorker] Current Heap: 225MB
2026-05-13 20:59:19,935 [INFO] [CpuWorker] Current Load: 6.38%
2026-05-13 20:59:20,959 [INFO] [MemoryWorker] Current Heap: 250MB
2026-05-13 20:59:23,037 [INFO] [CpuWorker] Current Load: 6.95%
2026-05-13 20:59:23,999 [INFO] [MemoryWorker] Current Heap: 275MB
2026-05-13 20:59:26,156 [INFO] [CpuWorker] Current Load: 8.50%
2026-05-13 20:59:27,039 [INFO] [MemoryWorker] Current Heap: 300MB
2026-05-13 20:59:29,261 [INFO] [CpuWorker] Current Load: 8.72%
2026-05-13 20:59:30,080 [INFO] [MemoryWorker] Current Heap: 325MB
2026-05-13 20:59:32,364 [INFO] [CpuWorker] Current Load: 15.74%
2026-05-13 20:59:33,120 [INFO] [MemoryWorker] Current Heap: 350MB
2026-05-13 20:59:35,467 [INFO] [CpuWorker] Current Load: 20.85%
2026-05-13 20:59:36,160 [INFO] [MemoryWorker] Current Heap: 375MB
2026-05-13 20:59:36,160 [WARNING] [MemoryWorker] Memory Usage Reached Limit (375MB). Starting cleanup...
2026-05-13 20:59:36,167 [INFO] [System] Memory Cache Flushed. Process Stabilized.

>>> [SYSTEM] MEMORY RECOVERED (Cache Cleared) <<<

2026-05-13 20:59:38,571 [INFO] [CpuWorker] Current Load: 20.88%
2026-05-13 20:59:41,171 [INFO] [MemoryWorker] Current Heap: 25MB
2026-05-13 20:59:41,674 [INFO] [CpuWorker] Current Load: 22.20%
2026-05-13 20:59:44,173 [INFO] [MemoryWorker] Current Heap: 50MB
2026-05-13 20:59:44,777 [INFO] [CpuWorker] Current Load: 30.48%
2026-05-13 20:59:46,878 [INFO] [CpuWorker] Peak reached (40.00%). Starting cooldown...
2026-05-13 20:59:47,180 [INFO] [MemoryWorker] Current Heap: 75MB
2026-05-13 20:59:47,880 [INFO] [CpuWorker] Current Load: 40.00%
2026-05-13 20:59:50,188 [INFO] [MemoryWorker] Current Heap: 100MB
2026-05-13 20:59:50,984 [INFO] [CpuWorker] Current Load: 36.23%
2026-05-13 20:59:53,228 [INFO] [MemoryWorker] Current Heap: 125MB
2026-05-13 20:59:54,088 [INFO] [CpuWorker] Current Load: 28.86%
2026-05-13 20:59:56,268 [INFO] [MemoryWorker] Current Heap: 150MB
2026-05-13 20:59:57,191 [INFO] [CpuWorker] Current Load: 27.07%
2026-05-13 20:59:59,307 [INFO] [MemoryWorker] Current Heap: 175MB
2026-05-13 21:00:00,307 [INFO] [CpuWorker] Current Load: 19.36%
2026-05-13 21:00:02,347 [INFO] [MemoryWorker] Current Heap: 200MB
2026-05-13 21:00:03,409 [INFO] [CpuWorker] Current Load: 13.19%
2026-05-13 21:00:05,388 [INFO] [MemoryWorker] Current Heap: 225MB
2026-05-13 21:00:06,513 [INFO] [CpuWorker] Current Load: 11.14%
2026-05-13 21:00:08,429 [INFO] [MemoryWorker] Current Heap: 250MB
2026-05-13 21:00:08,615 [INFO] [CpuWorker] Cooldown complete (5.00%). Resuming load increase...
2026-05-13 21:00:09,617 [INFO] [CpuWorker] Current Load: 5.00%
2026-05-13 21:00:11,467 [INFO] [MemoryWorker] Current Heap: 275MB
2026-05-13 21:00:12,718 [INFO] [CpuWorker] Current Load: 5.66%
2026-05-13 21:00:14,515 [INFO] [MemoryWorker] Current Heap: 300MB
2026-05-13 21:00:15,822 [INFO] [CpuWorker] Current Load: 10.58%
2026-05-13 21:00:17,553 [INFO] [MemoryWorker] Current Heap: 325MB
2026-05-13 21:00:18,926 [INFO] [CpuWorker] Current Load: 19.33%
2026-05-13 21:00:20,592 [INFO] [MemoryWorker] Current Heap: 350MB
2026-05-13 21:00:22,029 [INFO] [CpuWorker] Current Load: 21.69%
2026-05-13 21:00:23,631 [INFO] [MemoryWorker] Current Heap: 375MB
2026-05-13 21:00:23,631 [WARNING] [MemoryWorker] Memory Usage Reached Limit (375MB). Starting cleanup...
2026-05-13 21:00:23,638 [INFO] [System] Memory Cache Flushed. Process Stabilized.

>>> [SYSTEM] MEMORY RECOVERED (Cache Cleared) <<<

2026-05-13 21:00:25,132 [INFO] [CpuWorker] Current Load: 31.66%
2026-05-13 21:00:28,235 [INFO] [CpuWorker] Current Load: 32.07%
2026-05-13 21:00:28,642 [INFO] [MemoryWorker] Current Heap: 25MB
2026-05-13 21:00:31,338 [INFO] [CpuWorker] Current Load: 38.54%
2026-05-13 21:00:31,644 [INFO] [MemoryWorker] Current Heap: 50MB
2026-05-13 21:00:33,481 [INFO] [CpuWorker] Peak reached (40.00%). Starting cooldown...
2026-05-13 21:00:34,483 [INFO] [CpuWorker] Current Load: 40.00%
2026-05-13 21:00:34,651 [INFO] [MemoryWorker] Current Heap: 75MB
2026-05-13 21:00:37,584 [INFO] [CpuWorker] Current Load: 31.27%
2026-05-13 21:00:37,658 [INFO] [MemoryWorker] Current Heap: 100MB
2026-05-13 21:00:40,700 [INFO] [CpuWorker] Current Load: 28.02%
2026-05-13 21:00:40,733 [INFO] [MemoryWorker] Current Heap: 125MB
2026-05-13 21:00:43,773 [INFO] [MemoryWorker] Current Heap: 150MB
2026-05-13 21:00:43,807 [INFO] [CpuWorker] Current Load: 22.14%
2026-05-13 21:00:46,814 [INFO] [MemoryWorker] Current Heap: 175MB
2026-05-13 21:00:46,910 [INFO] [CpuWorker] Current Load: 13.56%
2026-05-13 21:00:49,854 [INFO] [MemoryWorker] Current Heap: 200MB
2026-05-13 21:00:50,013 [INFO] [CpuWorker] Current Load: 6.84%
2026-05-13 21:00:52,896 [INFO] [MemoryWorker] Current Heap: 225MB
2026-05-13 21:00:53,116 [INFO] [CpuWorker] Current Load: 5.34%
2026-05-13 21:00:55,218 [INFO] [CpuWorker] Cooldown complete (5.00%). Resuming load increase...
2026-05-13 21:00:55,947 [INFO] [MemoryWorker] Current Heap: 250MB
2026-05-13 21:00:56,219 [INFO] [CpuWorker] Current Load: 5.00%
2026-05-13 21:00:58,986 [INFO] [MemoryWorker] Current Heap: 275MB
2026-05-13 21:00:59,323 [INFO] [CpuWorker] Current Load: 11.27%
2026-05-13 21:01:02,026 [INFO] [MemoryWorker] Current Heap: 300MB
2026-05-13 21:01:02,427 [INFO] [CpuWorker] Current Load: 14.55%
2026-05-13 21:01:05,066 [INFO] [MemoryWorker] Current Heap: 325MB
2026-05-13 21:01:05,532 [INFO] [CpuWorker] Current Load: 19.35%
2026-05-13 21:01:08,106 [INFO] [MemoryWorker] Current Heap: 350MB
2026-05-13 21:01:08,637 [INFO] [CpuWorker] Current Load: 20.96%
2026-05-13 21:01:11,145 [INFO] [MemoryWorker] Current Heap: 375MB
2026-05-13 21:01:11,145 [WARNING] [MemoryWorker] Memory Usage Reached Limit (375MB). Starting cleanup...
2026-05-13 21:01:11,153 [INFO] [System] Memory Cache Flushed. Process Stabilized.

>>> [SYSTEM] MEMORY RECOVERED (Cache Cleared) <<<

2026-05-13 21:01:11,739 [INFO] [CpuWorker] Current Load: 26.03%
2026-05-13 21:01:14,843 [INFO] [CpuWorker] Current Load: 35.38%
2026-05-13 21:01:16,156 [INFO] [MemoryWorker] Current Heap: 25MB
2026-05-13 21:01:17,947 [INFO] [CpuWorker] Current Load: 35.42%
2026-05-13 21:01:19,159 [INFO] [MemoryWorker] Current Heap: 50MB
2026-05-13 21:01:20,050 [INFO] [CpuWorker] Peak reached (40.00%). Starting cooldown...
2026-05-13 21:01:21,050 [INFO] [CpuWorker] Current Load: 40.00%
2026-05-13 21:01:22,165 [INFO] [MemoryWorker] Current Heap: 75MB
2026-05-13 21:01:24,154 [INFO] [CpuWorker] Current Load: 36.22%
2026-05-13 21:01:25,174 [INFO] [MemoryWorker] Current Heap: 100MB
2026-05-13 21:01:27,257 [INFO] [CpuWorker] Current Load: 27.54%
2026-05-13 21:01:28,214 [INFO] [MemoryWorker] Current Heap: 125MB
2026-05-13 21:01:30,362 [INFO] [CpuWorker] Current Load: 22.44%
2026-05-13 21:01:31,253 [INFO] [MemoryWorker] Current Heap: 150MB
2026-05-13 21:01:33,465 [INFO] [CpuWorker] Current Load: 19.68%
2026-05-13 21:01:34,292 [INFO] [MemoryWorker] Current Heap: 175MB
2026-05-13 21:01:36,568 [INFO] [CpuWorker] Current Load: 10.78%
2026-05-13 21:01:37,331 [INFO] [MemoryWorker] Current Heap: 200MB
2026-05-13 21:01:39,671 [INFO] [CpuWorker] Current Load: 9.54%
2026-05-13 21:01:40,371 [INFO] [MemoryWorker] Current Heap: 225MB
2026-05-13 21:01:41,773 [INFO] [CpuWorker] Cooldown complete (5.00%). Resuming load increase...
2026-05-13 21:01:42,774 [INFO] [CpuWorker] Current Load: 5.00%
2026-05-13 21:01:43,411 [INFO] [MemoryWorker] Current Heap: 250MB
2026-05-13 21:01:45,878 [INFO] [CpuWorker] Current Load: 10.60%
2026-05-13 21:01:46,450 [INFO] [MemoryWorker] Current Heap: 275MB
2026-05-13 21:01:48,982 [INFO] [CpuWorker] Current Load: 12.84%
2026-05-13 21:01:49,490 [INFO] [MemoryWorker] Current Heap: 300MB
2026-05-13 21:01:52,088 [INFO] [CpuWorker] Current Load: 18.71%
2026-05-13 21:01:52,531 [INFO] [MemoryWorker] Current Heap: 325MB
2026-05-13 21:01:55,191 [INFO] [CpuWorker] Current Load: 25.15%
2026-05-13 21:01:55,553 [INFO] [MemoryWorker] Current Heap: 350MB
2026-05-13 21:01:58,296 [INFO] [CpuWorker] Current Load: 29.35%
2026-05-13 21:01:58,594 [INFO] [MemoryWorker] Current Heap: 375MB
2026-05-13 21:01:58,594 [WARNING] [MemoryWorker] Memory Usage Reached Limit (375MB). Starting cleanup...
2026-05-13 21:01:58,601 [INFO] [System] Memory Cache Flushed. Process Stabilized.

>>> [SYSTEM] MEMORY RECOVERED (Cache Cleared) <<<

2026-05-13 21:02:01,399 [INFO] [CpuWorker] Current Load: 29.57%
2026-05-13 21:02:03,604 [INFO] [MemoryWorker] Current Heap: 25MB
2026-05-13 21:02:04,506 [INFO] [CpuWorker] Current Load: 31.28%
2026-05-13 21:02:06,606 [INFO] [MemoryWorker] Current Heap: 50MB
2026-05-13 21:02:06,607 [INFO] [CpuWorker] Peak reached (40.00%). Starting cooldown...
2026-05-13 21:02:07,608 [INFO] [CpuWorker] Current Load: 40.00%
2026-05-13 21:02:09,611 [INFO] [MemoryWorker] Current Heap: 75MB
2026-05-13 21:02:10,711 [INFO] [CpuWorker] Current Load: 38.72%
2026-05-13 21:02:12,651 [INFO] [MemoryWorker] Current Heap: 100MB
2026-05-13 21:02:13,815 [INFO] [CpuWorker] Current Load: 37.10%
2026-05-13 21:02:15,691 [INFO] [MemoryWorker] Current Heap: 125MB
2026-05-13 21:02:16,919 [INFO] [CpuWorker] Current Load: 34.89%
2026-05-13 21:02:18,730 [INFO] [MemoryWorker] Current Heap: 150MB
2026-05-13 21:02:20,022 [INFO] [CpuWorker] Current Load: 25.05%
2026-05-13 21:02:21,770 [INFO] [MemoryWorker] Current Heap: 175MB
2026-05-13 21:02:23,123 [INFO] [CpuWorker] Current Load: 16.00%
2026-05-13 21:02:24,811 [INFO] [MemoryWorker] Current Heap: 200MB
2026-05-13 21:02:26,227 [INFO] [CpuWorker] Current Load: 11.57%
2026-05-13 21:02:27,852 [INFO] [MemoryWorker] Current Heap: 225MB
2026-05-13 21:02:28,329 [INFO] [CpuWorker] Cooldown complete (5.00%). Resuming load increase...
2026-05-13 21:02:29,331 [INFO] [CpuWorker] Current Load: 5.00%
2026-05-13 21:02:30,890 [INFO] [MemoryWorker] Current Heap: 250MB
2026-05-13 21:02:32,434 [INFO] [CpuWorker] Current Load: 12.11%
2026-05-13 21:02:33,929 [INFO] [MemoryWorker] Current Heap: 275MB
2026-05-13 21:02:35,548 [INFO] [CpuWorker] Current Load: 13.43%
2026-05-13 21:02:36,967 [INFO] [MemoryWorker] Current Heap: 300MB
2026-05-13 21:02:38,651 [INFO] [CpuWorker] Current Load: 17.79%
2026-05-13 21:02:40,008 [INFO] [MemoryWorker] Current Heap: 325MB
2026-05-13 21:02:41,753 [INFO] [CpuWorker] Current Load: 27.07%
2026-05-13 21:02:43,047 [INFO] [MemoryWorker] Current Heap: 350MB
2026-05-13 21:02:44,859 [INFO] [CpuWorker] Current Load: 27.51%
2026-05-13 21:02:46,086 [INFO] [MemoryWorker] Current Heap: 375MB
2026-05-13 21:02:46,086 [WARNING] [MemoryWorker] Memory Usage Reached Limit (375MB). Starting cleanup...
2026-05-13 21:02:46,093 [INFO] [System] Memory Cache Flushed. Process Stabilized.

>>> [SYSTEM] MEMORY RECOVERED (Cache Cleared) <<<

2026-05-13 21:02:47,962 [INFO] [CpuWorker] Current Load: 27.57%
2026-05-13 21:02:51,065 [INFO] [CpuWorker] Current Load: 31.55%
2026-05-13 21:02:51,098 [INFO] [MemoryWorker] Current Heap: 25MB
2026-05-13 21:02:54,100 [INFO] [MemoryWorker] Current Heap: 50MB
2026-05-13 21:02:54,168 [INFO] [CpuWorker] Current Load: 35.20%
2026-05-13 21:02:57,106 [INFO] [MemoryWorker] Current Heap: 75MB
2026-05-13 21:02:57,271 [INFO] [CpuWorker] Current Load: 38.10%
2026-05-13 21:02:59,374 [INFO] [CpuWorker] Peak reached (40.00%). Starting cooldown...
2026-05-13 21:03:00,114 [INFO] [MemoryWorker] Current Heap: 100MB
2026-05-13 21:03:00,375 [INFO] [CpuWorker] Current Load: 40.00%
2026-05-13 21:03:03,155 [INFO] [MemoryWorker] Current Heap: 125MB
2026-05-13 21:03:03,479 [INFO] [CpuWorker] Current Load: 32.44%
2026-05-13 21:03:06,196 [INFO] [MemoryWorker] Current Heap: 150MB
2026-05-13 21:03:06,583 [INFO] [CpuWorker] Current Load: 29.53%
2026-05-13 21:03:09,236 [INFO] [MemoryWorker] Current Heap: 175MB
2026-05-13 21:03:09,686 [INFO] [CpuWorker] Current Load: 27.32%
2026-05-13 21:03:12,274 [INFO] [MemoryWorker] Current Heap: 200MB
2026-05-13 21:03:12,789 [INFO] [CpuWorker] Current Load: 22.20%
2026-05-13 21:03:15,313 [INFO] [MemoryWorker] Current Heap: 225MB
2026-05-13 21:03:15,893 [INFO] [CpuWorker] Current Load: 12.84%
2026-05-13 21:03:17,996 [INFO] [CpuWorker] Cooldown complete (5.00%). Resuming load increase...
2026-05-13 21:03:18,355 [INFO] [MemoryWorker] Current Heap: 250MB
2026-05-13 21:03:18,997 [INFO] [CpuWorker] Current Load: 5.00%
2026-05-13 21:03:21,395 [INFO] [MemoryWorker] Current Heap: 275MB
2026-05-13 21:03:22,101 [INFO] [CpuWorker] Current Load: 12.07%
2026-05-13 21:03:24,436 [INFO] [MemoryWorker] Current Heap: 300MB
2026-05-13 21:03:25,204 [INFO] [CpuWorker] Current Load: 19.63%
2026-05-13 21:03:27,468 [INFO] [MemoryWorker] Current Heap: 325MB
2026-05-13 21:03:28,306 [INFO] [CpuWorker] Current Load: 21.03%
2026-05-13 21:03:30,510 [INFO] [MemoryWorker] Current Heap: 350MB
2026-05-13 21:03:31,408 [INFO] [CpuWorker] Current Load: 30.51%
2026-05-13 21:03:33,550 [INFO] [MemoryWorker] Current Heap: 375MB
2026-05-13 21:03:33,551 [WARNING] [MemoryWorker] Memory Usage Reached Limit (375MB). Starting cleanup...
2026-05-13 21:03:33,558 [INFO] [System] Memory Cache Flushed. Process Stabilized.

>>> [SYSTEM] MEMORY RECOVERED (Cache Cleared) <<<

2026-05-13 21:03:34,551 [INFO] [CpuWorker] Current Load: 38.19%
2026-05-13 21:03:37,654 [INFO] [CpuWorker] Current Load: 39.99%
2026-05-13 21:03:38,561 [INFO] [MemoryWorker] Current Heap: 25MB
2026-05-13 21:03:39,756 [INFO] [CpuWorker] Peak reached (40.00%). Starting cooldown...
2026-05-13 21:03:40,758 [INFO] [CpuWorker] Current Load: 40.00%
2026-05-13 21:03:41,563 [INFO] [MemoryWorker] Current Heap: 50MB
2026-05-13 21:03:43,860 [INFO] [CpuWorker] Current Load: 36.37%
2026-05-13 21:03:44,604 [INFO] [MemoryWorker] Current Heap: 75MB
2026-05-13 21:03:46,964 [INFO] [CpuWorker] Current Load: 30.76%
2026-05-13 21:03:47,644 [INFO] [MemoryWorker] Current Heap: 100MB
2026-05-13 21:03:50,068 [INFO] [CpuWorker] Current Load: 24.40%
2026-05-13 21:03:50,685 [INFO] [MemoryWorker] Current Heap: 125MB
2026-05-13 21:03:53,172 [INFO] [CpuWorker] Current Load: 20.38%
2026-05-13 21:03:53,726 [INFO] [MemoryWorker] Current Heap: 150MB
2026-05-13 21:03:56,274 [INFO] [CpuWorker] Current Load: 11.85%
2026-05-13 21:03:56,766 [INFO] [MemoryWorker] Current Heap: 175MB
2026-05-13 21:03:58,378 [INFO] [CpuWorker] Cooldown complete (5.00%). Resuming load increase...
2026-05-13 21:03:59,379 [INFO] [CpuWorker] Current Load: 5.00%
2026-05-13 21:03:59,804 [INFO] [MemoryWorker] Current Heap: 200MB
2026-05-13 21:04:02,481 [INFO] [CpuWorker] Current Load: 13.41%
2026-05-13 21:04:02,843 [INFO] [MemoryWorker] Current Heap: 225MB
2026-05-13 21:04:05,584 [INFO] [CpuWorker] Current Load: 14.82%
2026-05-13 21:04:05,883 [INFO] [MemoryWorker] Current Heap: 250MB
2026-05-13 21:04:08,687 [INFO] [CpuWorker] Current Load: 20.58%
2026-05-13 21:04:08,922 [INFO] [MemoryWorker] Current Heap: 275MB
2026-05-13 21:04:11,791 [INFO] [CpuWorker] Current Load: 25.55%
2026-05-13 21:04:11,966 [INFO] [MemoryWorker] Current Heap: 300MB
2026-05-13 21:04:14,896 [INFO] [CpuWorker] Current Load: 31.80%
2026-05-13 21:04:15,007 [INFO] [MemoryWorker] Current Heap: 325MB
2026-05-13 21:04:18,051 [INFO] [CpuWorker] Current Load: 32.42%
2026-05-13 21:04:18,051 [INFO] [MemoryWorker] Current Heap: 350MB
2026-05-13 21:04:20,152 [INFO] [CpuWorker] Peak reached (40.00%). Starting cooldown...
2026-05-13 21:04:21,077 [INFO] [MemoryWorker] Current Heap: 375MB
2026-05-13 21:04:21,078 [WARNING] [MemoryWorker] Memory Usage Reached Limit (375MB). Starting cleanup...
2026-05-13 21:04:21,084 [INFO] [System] Memory Cache Flushed. Process Stabilized.

>>> [SYSTEM] MEMORY RECOVERED (Cache Cleared) <<<

2026-05-13 21:04:21,153 [INFO] [CpuWorker] Current Load: 40.00%
2026-05-13 21:04:24,255 [INFO] [CpuWorker] Current Load: 34.72%
2026-05-13 21:04:26,087 [INFO] [MemoryWorker] Current Heap: 25MB
2026-05-13 21:04:27,359 [INFO] [CpuWorker] Current Load: 29.24%
2026-05-13 21:04:29,089 [INFO] [MemoryWorker] Current Heap: 50MB
2026-05-13 21:04:30,462 [INFO] [CpuWorker] Current Load: 23.71%
2026-05-13 21:04:32,096 [INFO] [MemoryWorker] Current Heap: 75MB
2026-05-13 21:04:33,565 [INFO] [CpuWorker] Current Load: 14.22%
2026-05-13 21:04:35,136 [INFO] [MemoryWorker] Current Heap: 100MB
2026-05-13 21:04:36,668 [INFO] [CpuWorker] Current Load: 11.61%
2026-05-13 21:04:38,172 [INFO] [MemoryWorker] Current Heap: 125MB
2026-05-13 21:04:39,771 [INFO] [CpuWorker] Current Load: 5.68%
2026-05-13 21:04:41,206 [INFO] [MemoryWorker] Current Heap: 150MB
2026-05-13 21:04:41,875 [INFO] [CpuWorker] Cooldown complete (5.00%). Resuming load increase...
2026-05-13 21:04:42,876 [INFO] [CpuWorker] Current Load: 5.00%
2026-05-13 21:04:44,232 [INFO] [MemoryWorker] Current Heap: 175MB
2026-05-13 21:04:45,981 [INFO] [CpuWorker] Current Load: 12.22%
2026-05-13 21:04:47,239 [INFO] [MemoryWorker] Current Heap: 200MB
2026-05-13 21:04:49,086 [INFO] [CpuWorker] Current Load: 18.47%
2026-05-13 21:04:50,257 [INFO] [MemoryWorker] Current Heap: 225MB
2026-05-13 21:04:52,189 [INFO] [CpuWorker] Current Load: 27.56%
2026-05-13 21:04:53,297 [INFO] [MemoryWorker] Current Heap: 250MB
2026-05-13 21:04:55,293 [INFO] [CpuWorker] Current Load: 36.14%
2026-05-13 21:04:56,337 [INFO] [MemoryWorker] Current Heap: 275MB
2026-05-13 21:04:57,396 [INFO] [CpuWorker] Peak reached (40.00%). Starting cooldown...
2026-05-13 21:04:58,397 [INFO] [CpuWorker] Current Load: 40.00%
2026-05-13 21:04:59,377 [INFO] [MemoryWorker] Current Heap: 300MB
2026-05-13 21:05:01,501 [INFO] [CpuWorker] Current Load: 35.39%
2026-05-13 21:05:02,416 [INFO] [MemoryWorker] Current Heap: 325MB
2026-05-13 21:05:04,603 [INFO] [CpuWorker] Current Load: 25.62%
2026-05-13 21:05:05,457 [INFO] [MemoryWorker] Current Heap: 350MB
2026-05-13 21:05:07,705 [INFO] [CpuWorker] Current Load: 18.72%
2026-05-13 21:05:08,497 [INFO] [MemoryWorker] Current Heap: 375MB
2026-05-13 21:05:08,498 [WARNING] [MemoryWorker] Memory Usage Reached Limit (375MB). Starting cleanup...
2026-05-13 21:05:08,504 [INFO] [System] Memory Cache Flushed. Process Stabilized.

>>> [SYSTEM] MEMORY RECOVERED (Cache Cleared) <<<

2026-05-13 21:05:10,808 [INFO] [CpuWorker] Current Load: 17.67%
2026-05-13 21:05:13,509 [INFO] [MemoryWorker] Current Heap: 25MB
2026-05-13 21:05:13,910 [INFO] [CpuWorker] Current Load: 14.83%
2026-05-13 21:05:16,511 [INFO] [MemoryWorker] Current Heap: 50MB
2026-05-13 21:05:17,058 [INFO] [CpuWorker] Current Load: 5.62%
2026-05-13 21:05:19,518 [INFO] [MemoryWorker] Current Heap: 75MB
2026-05-13 21:05:20,160 [INFO] [CpuWorker] Current Load: 5.18%
2026-05-13 21:05:22,262 [INFO] [CpuWorker] Cooldown complete (5.00%). Resuming load increase...
2026-05-13 21:05:22,524 [INFO] [MemoryWorker] Current Heap: 100MB
2026-05-13 21:05:23,263 [INFO] [CpuWorker] Current Load: 5.00%
2026-05-13 21:05:25,562 [INFO] [MemoryWorker] Current Heap: 125MB
2026-05-13 21:05:26,365 [INFO] [CpuWorker] Current Load: 14.09%
2026-05-13 21:05:28,601 [INFO] [MemoryWorker] Current Heap: 150MB
2026-05-13 21:05:29,469 [INFO] [CpuWorker] Current Load: 24.01%
2026-05-13 21:05:31,638 [INFO] [MemoryWorker] Current Heap: 175MB
2026-05-13 21:05:32,573 [INFO] [CpuWorker] Current Load: 29.21%
2026-05-13 21:05:34,678 [INFO] [MemoryWorker] Current Heap: 200MB
2026-05-13 21:05:35,679 [INFO] [CpuWorker] Current Load: 29.61%
2026-05-13 21:05:37,718 [INFO] [MemoryWorker] Current Heap: 225MB
2026-05-13 21:05:38,782 [INFO] [CpuWorker] Current Load: 33.11%
2026-05-13 21:05:40,757 [INFO] [MemoryWorker] Current Heap: 250MB
2026-05-13 21:05:40,886 [INFO] [CpuWorker] Peak reached (40.00%). Starting cooldown...
2026-05-13 21:05:41,888 [INFO] [CpuWorker] Current Load: 40.00%
2026-05-13 21:05:43,797 [INFO] [MemoryWorker] Current Heap: 275MB
2026-05-13 21:05:44,991 [INFO] [CpuWorker] Current Load: 39.24%
2026-05-13 21:05:46,837 [INFO] [MemoryWorker] Current Heap: 300MB
2026-05-13 21:05:48,094 [INFO] [CpuWorker] Current Load: 32.48%
2026-05-13 21:05:49,877 [INFO] [MemoryWorker] Current Heap: 325MB
2026-05-13 21:05:51,199 [INFO] [CpuWorker] Current Load: 30.06%
2026-05-13 21:05:52,917 [INFO] [MemoryWorker] Current Heap: 350MB
2026-05-13 21:05:54,302 [INFO] [CpuWorker] Current Load: 22.08%
2026-05-13 21:05:55,959 [INFO] [MemoryWorker] Current Heap: 375MB
2026-05-13 21:05:55,959 [WARNING] [MemoryWorker] Memory Usage Reached Limit (375MB). Starting cleanup...
2026-05-13 21:05:55,967 [INFO] [System] Memory Cache Flushed. Process Stabilized.

>>> [SYSTEM] MEMORY RECOVERED (Cache Cleared) <<<

2026-05-13 21:05:57,405 [INFO] [CpuWorker] Current Load: 21.80%
2026-05-13 21:06:00,508 [INFO] [CpuWorker] Current Load: 18.01%
2026-05-13 21:06:00,970 [INFO] [MemoryWorker] Current Heap: 25MB
2026-05-13 21:06:03,611 [INFO] [CpuWorker] Current Load: 16.41%
2026-05-13 21:06:03,973 [INFO] [MemoryWorker] Current Heap: 50MB
2026-05-13 21:06:06,714 [INFO] [CpuWorker] Current Load: 15.97%
2026-05-13 21:06:06,981 [INFO] [MemoryWorker] Current Heap: 75MB
2026-05-13 21:06:09,818 [INFO] [CpuWorker] Current Load: 10.04%
2026-05-13 21:06:09,991 [INFO] [MemoryWorker] Current Heap: 100MB
2026-05-13 21:06:11,920 [INFO] [CpuWorker] Cooldown complete (5.00%). Resuming load increase...
2026-05-13 21:06:12,921 [INFO] [CpuWorker] Current Load: 5.00%
2026-05-13 21:06:13,031 [INFO] [MemoryWorker] Current Heap: 125MB
2026-05-13 21:06:16,071 [INFO] [CpuWorker] Current Load: 8.51%
2026-05-13 21:06:16,071 [INFO] [MemoryWorker] Current Heap: 150MB
2026-05-13 21:06:19,120 [INFO] [MemoryWorker] Current Heap: 175MB
2026-05-13 21:06:19,176 [INFO] [CpuWorker] Current Load: 16.61%
2026-05-13 21:06:22,159 [INFO] [MemoryWorker] Current Heap: 200MB
2026-05-13 21:06:22,279 [INFO] [CpuWorker] Current Load: 25.95%
2026-05-13 21:06:25,200 [INFO] [MemoryWorker] Current Heap: 225MB
2026-05-13 21:06:25,382 [INFO] [CpuWorker] Current Load: 31.86%
2026-05-13 21:06:28,242 [INFO] [MemoryWorker] Current Heap: 250MB
2026-05-13 21:06:28,523 [INFO] [CpuWorker] Current Load: 36.43%
2026-05-13 21:06:31,280 [INFO] [MemoryWorker] Current Heap: 275MB
2026-05-13 21:06:31,628 [INFO] [CpuWorker] Current Load: 36.63%
2026-05-13 21:06:34,321 [INFO] [MemoryWorker] Current Heap: 300MB
2026-05-13 21:06:34,731 [INFO] [CpuWorker] Current Load: 37.52%
2026-05-13 21:06:37,361 [INFO] [MemoryWorker] Current Heap: 325MB
2026-05-13 21:06:37,833 [INFO] [CpuWorker] Current Load: 39.80%
2026-05-13 21:06:39,936 [INFO] [CpuWorker] Peak reached (40.00%). Starting cooldown...
2026-05-13 21:06:40,403 [INFO] [MemoryWorker] Current Heap: 350MB
2026-05-13 21:06:40,937 [INFO] [CpuWorker] Current Load: 40.00%
2026-05-13 21:06:43,441 [INFO] [MemoryWorker] Current Heap: 375MB
2026-05-13 21:06:43,441 [WARNING] [MemoryWorker] Memory Usage Reached Limit (375MB). Starting cleanup...
2026-05-13 21:06:43,448 [INFO] [System] Memory Cache Flushed. Process Stabilized.

>>> [SYSTEM] MEMORY RECOVERED (Cache Cleared) <<<

2026-05-13 21:06:44,038 [INFO] [CpuWorker] Current Load: 30.82%
2026-05-13 21:06:47,141 [INFO] [CpuWorker] Current Load: 27.61%
2026-05-13 21:06:48,451 [INFO] [MemoryWorker] Current Heap: 25MB
2026-05-13 21:06:50,244 [INFO] [CpuWorker] Current Load: 25.12%
2026-05-13 21:06:51,453 [INFO] [MemoryWorker] Current Heap: 50MB
