>>> Starting Agent Boot Sequence...
[1/6] Checking User Account               [OK]
   ... Running as service user 'shh921shh4393' (uid=1267600500)
[2/6] Verifying Environment Variables     [OK]
   ... All required Envs correct
[3/6] Checking Required Files             [OK]
   ... Verified 'secret.key' with correct key string.
[4/6] Checking Port Availability          [OK]
   ... Port 15034 is available.
[5/6] Verifying Log Permission            [OK]
   ... Log directory is writable: /home/shh921shh4393/agent-app/logs
[6/6] Verifying Mission Environment       [OK]
   ... MEMORY_LIMIT=512MB, CPU_MAX_OCCUPY=10%, MULTI_THREAD_ENABLE=False
------------------------------------------------------------
All Boot Checks Passed!
Agent READY
2026-05-13 19:02:57,876 [INFO] [SafetyGuard] Process priority lowered (nice=10).
2026-05-13 19:02:57,876 [INFO] Agent listening at port 15034

==================================================
 [ Agent Initiate ] Resource Check 
==================================================
 [ MEMORY ] Limit: 512MB 		[ OK ]
 [ CPU    ] Limit: 10%  		[ OK ]
 [ THREAD ] Concurrency: False 		[ OK ]
--------------------------------------------------
 >>> SYSTEM STATUS: STABLE. STARTING WORKLOAD MONITORING...
==================================================

2026-05-13 19:02:59,877 [INFO] >>> Scenario Selected: [Healthy System Monitoring]

>>> [SYSTEM] ALL CONFIGURATIONS OPTIMAL. RUNNING STABILITY TEST... <<<

2026-05-13 19:02:59,878 [INFO] [Scheduler] Task Scheduler Initialized.
2026-05-13 19:02:59,878 [INFO] [Scheduler] Registered Tasks: ['Thread-A', 'Thread-B', 'Thread-C']
2026-05-13 19:02:59,878 [INFO] [Scheduler] Starting task execution...
2026-05-13 19:02:59,878 [INFO] [Thread-A] Task Started. Calculating... (20%)
2026-05-13 19:02:59,930 [INFO] [Thread-A] Calculating... (40%)
2026-05-13 19:02:59,981 [INFO] [Thread-A] Calculating... (60%)
2026-05-13 19:03:00,033 [INFO] [Thread-A] Calculating... (80%)
2026-05-13 19:03:00,084 [INFO] [Thread-A] Task Completed. (100%)
2026-05-13 19:03:00,136 [INFO] [Thread-B] Task Started. Calculating... (20%)
2026-05-13 19:03:00,187 [INFO] [Thread-B] Calculating... (40%)
2026-05-13 19:03:00,238 [INFO] [Thread-B] Calculating... (60%)
2026-05-13 19:03:00,290 [INFO] [Thread-B] Calculating... (80%)
2026-05-13 19:03:00,341 [INFO] [Thread-B] Task Completed. (100%)
2026-05-13 19:03:00,392 [INFO] [Thread-C] Task Started. Calculating... (20%)
2026-05-13 19:03:00,443 [INFO] [Thread-C] Calculating... (40%)
2026-05-13 19:03:00,495 [INFO] [Thread-C] Calculating... (60%)
2026-05-13 19:03:00,547 [INFO] [Thread-C] Calculating... (80%)
2026-05-13 19:03:00,599 [INFO] [Thread-C] Task Completed. (100%)
2026-05-13 19:03:00,650 [INFO] [Scheduler] All tasks completed.
2026-05-13 19:03:00,684 [INFO] [MemoryWorker] Current Heap: 25MB
2026-05-13 19:03:00,684 [INFO] [CpuWorker] Started. Maximum CPU Limit: 10%
2026-05-13 19:03:00,684 [INFO] [CpuWorker] Current Load: 5.00%
2026-05-13 19:03:03,724 [INFO] [MemoryWorker] Current Heap: 50MB
2026-05-13 19:03:03,789 [INFO] [CpuWorker] Current Load: 5.26%
2026-05-13 19:03:06,764 [INFO] [MemoryWorker] Current Heap: 75MB
2026-05-13 19:03:06,894 [INFO] [CpuWorker] Current Load: 5.94%
2026-05-13 19:03:08,998 [INFO] [CpuWorker] Peak reached (10.00%). Starting cooldown...
2026-05-13 19:03:09,806 [INFO] [MemoryWorker] Current Heap: 100MB
2026-05-13 19:03:10,000 [INFO] [CpuWorker] Current Load: 10.00%
2026-05-13 19:03:12,104 [INFO] [CpuWorker] Cooldown complete (5.00%). Resuming load increase...
2026-05-13 19:03:12,847 [INFO] [MemoryWorker] Current Heap: 125MB
2026-05-13 19:03:13,105 [INFO] [CpuWorker] Current Load: 5.00%
2026-05-13 19:03:15,890 [INFO] [MemoryWorker] Current Heap: 150MB
2026-05-13 19:03:16,210 [INFO] [CpuWorker] Current Load: 5.60%
2026-05-13 19:03:18,929 [INFO] [MemoryWorker] Current Heap: 175MB
2026-05-13 19:03:19,315 [INFO] [CpuWorker] Current Load: 8.72%
2026-05-13 19:03:21,420 [INFO] [CpuWorker] Peak reached (10.00%). Starting cooldown...
2026-05-13 19:03:21,965 [INFO] [MemoryWorker] Current Heap: 200MB
2026-05-13 19:03:22,421 [INFO] [CpuWorker] Current Load: 10.00%
2026-05-13 19:03:24,991 [INFO] [MemoryWorker] Current Heap: 225MB
2026-05-13 19:03:25,524 [INFO] [CpuWorker] Current Load: 8.33%
2026-05-13 19:03:27,627 [INFO] [CpuWorker] Cooldown complete (5.00%). Resuming load increase...
2026-05-13 19:03:28,033 [INFO] [MemoryWorker] Current Heap: 250MB
2026-05-13 19:03:28,629 [INFO] [CpuWorker] Current Load: 5.00%
2026-05-13 19:03:30,732 [INFO] [CpuWorker] Peak reached (10.00%). Starting cooldown...
2026-05-13 19:03:31,072 [INFO] [MemoryWorker] Current Heap: 275MB
2026-05-13 19:03:31,733 [INFO] [CpuWorker] Current Load: 10.00%
