--- ps sample ---
    PID    PPID STAT %CPU %MEM   RSS COMMAND         COMMAND
  12622   11779 S     1.7  0.0  2236 agent-app-leak  /home/shh921shh4393/.dev/codyssey_mission/2026-main-1-2/submission/agent-app-leak/agent-app-leak
    PID    PPID STAT %CPU %MEM   RSS COMMAND         COMMAND
  12625   12622 SNl   1.8  0.2 47592 agent-app-leak  /home/shh921shh4393/.dev/codyssey_mission/2026-main-1-2/submission/agent-app-leak/agent-app-leak

--- top sample ---
top - 13:42:30 up  2:08,  0 users,  load average: 0.31, 0.25, 0.14
Tasks:   1 total,   0 running,   1 sleeping,   0 stopped,   0 zombie
%Cpu(s):  1.7 us,  0.0 sy,  0.0 ni, 98.3 id,  0.0 wa,  0.0 hi,  0.0 si,  0.0 st 
MiB Mem :  16049.5 total,  10543.5 free,   5474.1 used,    347.0 buff/cache     
MiB Swap:  17073.5 total,  17073.5 free,      0.0 used.  10575.4 avail Mem 

    PID USER      PR  NI    VIRT    RES    SHR S  %CPU  %MEM     TIME+ COMMAND
  12622 shh921s+  20   0    3156   2236   1972 S   0.0   0.0   0:00.06 agent-a+

--- ps sample ---
    PID    PPID STAT %CPU %MEM   RSS COMMAND         COMMAND
  12622   11779 S     1.2  0.0  2236 agent-app-leak  /home/shh921shh4393/.dev/codyssey_mission/2026-main-1-2/submission/agent-app-leak/agent-app-leak
    PID    PPID STAT %CPU %MEM   RSS COMMAND         COMMAND
  12625   12622 SNl   1.3  0.2 47592 agent-app-leak  /home/shh921shh4393/.dev/codyssey_mission/2026-main-1-2/submission/agent-app-leak/agent-app-leak

--- top sample ---
top - 13:42:31 up  2:08,  0 users,  load average: 0.31, 0.25, 0.14
Tasks:   1 total,   0 running,   1 sleeping,   0 stopped,   0 zombie
%Cpu(s):  0.0 us,  0.0 sy,  0.0 ni,100.0 id,  0.0 wa,  0.0 hi,  0.0 si,  0.0 st 
MiB Mem :  16049.5 total,  10541.5 free,   5476.0 used,    347.0 buff/cache     
MiB Swap:  17073.5 total,  17073.5 free,      0.0 used.  10573.5 avail Mem 

    PID USER      PR  NI    VIRT    RES    SHR S  %CPU  %MEM     TIME+ COMMAND
  12622 shh921s+  20   0    3156   2236   1972 S   0.0   0.0   0:00.06 agent-a+

--- ps sample ---
    PID    PPID STAT %CPU %MEM   RSS COMMAND         COMMAND
  12622   11779 S     1.0  0.0  2236 agent-app-leak  /home/shh921shh4393/.dev/codyssey_mission/2026-main-1-2/submission/agent-app-leak/agent-app-leak
    PID    PPID STAT %CPU %MEM   RSS COMMAND         COMMAND
  12625   12622 SNl   1.0  0.2 47592 agent-app-leak  /home/shh921shh4393/.dev/codyssey_mission/2026-main-1-2/submission/agent-app-leak/agent-app-leak

--- top sample ---
top - 13:42:32 up  2:08,  0 users,  load average: 0.29, 0.24, 0.14
Tasks:   1 total,   0 running,   1 sleeping,   0 stopped,   0 zombie
%Cpu(s):  1.6 us,  1.6 sy,  0.0 ni, 96.7 id,  0.0 wa,  0.0 hi,  0.0 si,  0.0 st 
MiB Mem :  16049.5 total,  10514.5 free,   5503.0 used,    347.0 buff/cache     
MiB Swap:  17073.5 total,  17073.5 free,      0.0 used.  10546.4 avail Mem 

    PID USER      PR  NI    VIRT    RES    SHR S  %CPU  %MEM     TIME+ COMMAND
  12622 shh921s+  20   0    3156   2236   1972 S   0.0   0.0   0:00.06 agent-a+

