>>> Starting Agent Boot Sequence...
[1/6] Checking User Account               [OK]
   ... Running as service user 'shh921shh4393' (uid=1267600500)
[2/6] Verifying Environment Variables     [OK]
   ... All required Envs correct
[3/6] Checking Required Files             [OK]
   ... Verified 'secret.key' with correct key string.
[4/6] Checking Port Availability          [OK]
   ... Port 15034 is available.
[5/6] Verifying Log Permission            [OK]
   ... Log directory is writable: /home/shh921shh4393/.dev/codyssey_mission/2026-main-1-2/submission/evidence/cpu/cpu-max-10
[6/6] Verifying Mission Environment       [OK]
   ... MEMORY_LIMIT=512MB, CPU_MAX_OCCUPY=10%, MULTI_THREAD_ENABLE=False
------------------------------------------------------------
All Boot Checks Passed!
Agent READY
2026-05-19 13:42:26,818 [INFO] [SafetyGuard] Process priority lowered (nice=10).
2026-05-19 13:42:26,818 [INFO] Agent listening at port 15034

==================================================
 [ Agent Initiate ] Resource Check 
==================================================
 [ MEMORY ] Limit: 512MB 		[ OK ]
 [ CPU    ] Limit: 10%  		[ OK ]
 [ THREAD ] Concurrency: False 		[ OK ]
--------------------------------------------------
 >>> SYSTEM STATUS: STABLE. STARTING WORKLOAD MONITORING...
==================================================

2026-05-19 13:42:28,818 [INFO] >>> Scenario Selected: [Healthy System Monitoring]

>>> [SYSTEM] ALL CONFIGURATIONS OPTIMAL. RUNNING STABILITY TEST... <<<

2026-05-19 13:42:28,819 [INFO] [Scheduler] Task Scheduler Initialized.
2026-05-19 13:42:28,819 [INFO] [Scheduler] Registered Tasks: ['Thread-A', 'Thread-B', 'Thread-C']
2026-05-19 13:42:28,819 [INFO] [Scheduler] Starting task execution...
2026-05-19 13:42:28,819 [INFO] [Thread-B] Task Started. Calculating... (20%)
2026-05-19 13:42:28,872 [INFO] [Thread-B] Calculating... (40%)
2026-05-19 13:42:28,923 [INFO] [Thread-B] Calculating... (60%)
2026-05-19 13:42:28,973 [INFO] [Thread-B] Calculating... (80%)
2026-05-19 13:42:29,024 [INFO] [Thread-B] Task Completed. (100%)
2026-05-19 13:42:29,076 [INFO] [Thread-C] Task Started. Calculating... (20%)
2026-05-19 13:42:29,127 [INFO] [Thread-C] Calculating... (40%)
2026-05-19 13:42:29,178 [INFO] [Thread-C] Calculating... (60%)
2026-05-19 13:42:29,229 [INFO] [Thread-C] Calculating... (80%)
2026-05-19 13:42:29,280 [INFO] [Thread-C] Task Completed. (100%)
2026-05-19 13:42:29,331 [INFO] [Thread-A] Task Started. Calculating... (20%)
2026-05-19 13:42:29,381 [INFO] [Thread-A] Calculating... (40%)
2026-05-19 13:42:29,433 [INFO] [Thread-A] Calculating... (60%)
2026-05-19 13:42:29,484 [INFO] [Thread-A] Calculating... (80%)
2026-05-19 13:42:29,535 [INFO] [Thread-A] Task Completed. (100%)
2026-05-19 13:42:29,585 [INFO] [Scheduler] All tasks completed.
2026-05-19 13:42:29,591 [INFO] [MemoryWorker] Current Heap: 25MB
2026-05-19 13:42:29,592 [INFO] [CpuWorker] Started. Maximum CPU Limit: 10%
2026-05-19 13:42:29,592 [INFO] [CpuWorker] Current Load: 5.00%
2026-05-19 13:42:32,600 [INFO] [MemoryWorker] Current Heap: 50MB
2026-05-19 13:42:32,709 [INFO] [CpuWorker] Current Load: 7.51%
2026-05-19 13:42:34,811 [INFO] [CpuWorker] Peak reached (10.00%). Starting cooldown...
2026-05-19 13:42:35,639 [INFO] [MemoryWorker] Current Heap: 75MB
2026-05-19 13:42:35,812 [INFO] [CpuWorker] Current Load: 10.00%
2026-05-19 13:42:38,677 [INFO] [MemoryWorker] Current Heap: 100MB
2026-05-19 13:42:38,914 [INFO] [CpuWorker] Current Load: 7.02%
2026-05-19 13:42:41,016 [INFO] [CpuWorker] Cooldown complete (5.00%). Resuming load increase...
2026-05-19 13:42:41,715 [INFO] [MemoryWorker] Current Heap: 125MB
