--- ps sample ---
    PID    PPID STAT %CPU %MEM   RSS COMMAND         COMMAND
  13715   11779 S    28.5  0.0  2244 agent-app-leak  /home/shh921shh4393/.dev/codyssey_mission/2026-main-1-2/submission/agent-app-leak/agent-app-leak
    PID    PPID STAT %CPU %MEM   RSS COMMAND         COMMAND
  13718   13715 SN   35.7  0.1 21808 agent-app-leak  /home/shh921shh4393/.dev/codyssey_mission/2026-main-1-2/submission/agent-app-leak/agent-app-leak

--- top sample ---
top - 13:43:45 up  2:10,  0 users,  load average: 0.09, 0.19, 0.12
Tasks:   1 total,   0 running,   1 sleeping,   0 stopped,   0 zombie
%Cpu(s):  0.0 us,  0.0 sy,  0.0 ni,100.0 id,  0.0 wa,  0.0 hi,  0.0 si,  0.0 st 
MiB Mem :  16049.5 total,  10726.9 free,   5310.8 used,    327.0 buff/cache     
MiB Swap:  17073.5 total,  17073.5 free,      0.0 used.  10738.7 avail Mem 

    PID USER      PR  NI    VIRT    RES    SHR S  %CPU  %MEM     TIME+ COMMAND
  13715 shh921s+  20   0    3156   2244   1972 S   0.0   0.0   0:00.06 agent-a+

--- ps sample ---
    PID    PPID STAT %CPU %MEM   RSS COMMAND         COMMAND
  13715   11779 S     4.1  0.0  2244 agent-app-leak  /home/shh921shh4393/.dev/codyssey_mission/2026-main-1-2/submission/agent-app-leak/agent-app-leak
    PID    PPID STAT %CPU %MEM   RSS COMMAND         COMMAND
  13718   13715 SN    3.6  0.1 21808 agent-app-leak  /home/shh921shh4393/.dev/codyssey_mission/2026-main-1-2/submission/agent-app-leak/agent-app-leak

--- top sample ---
top - 13:43:46 up  2:10,  0 users,  load average: 0.09, 0.19, 0.12
Tasks:   1 total,   0 running,   1 sleeping,   0 stopped,   0 zombie
%Cpu(s):  1.6 us,  1.6 sy,  0.0 ni, 96.9 id,  0.0 wa,  0.0 hi,  0.0 si,  0.0 st 
MiB Mem :  16049.5 total,  10720.3 free,   5313.5 used,    331.0 buff/cache     
MiB Swap:  17073.5 total,  17073.5 free,      0.0 used.  10736.0 avail Mem 

    PID USER      PR  NI    VIRT    RES    SHR S  %CPU  %MEM     TIME+ COMMAND
  13715 shh921s+  20   0    3156   2244   1972 S   0.0   0.0   0:00.06 agent-a+

--- ps sample ---
    PID    PPID STAT %CPU %MEM   RSS COMMAND         COMMAND
  13715   11779 S     2.2  0.0  2244 agent-app-leak  /home/shh921shh4393/.dev/codyssey_mission/2026-main-1-2/submission/agent-app-leak/agent-app-leak
    PID    PPID STAT %CPU %MEM   RSS COMMAND         COMMAND
  13718   13715 SN    2.7  0.1 21808 agent-app-leak  /home/shh921shh4393/.dev/codyssey_mission/2026-main-1-2/submission/agent-app-leak/agent-app-leak

--- top sample ---
top - 13:43:47 up  2:10,  0 users,  load average: 0.08, 0.19, 0.12
Tasks:   1 total,   0 running,   1 sleeping,   0 stopped,   0 zombie
%Cpu(s):  0.0 us,  0.0 sy,  0.0 ni,100.0 id,  0.0 wa,  0.0 hi,  0.0 si,  0.0 st 
MiB Mem :  16049.5 total,  10718.8 free,   5314.7 used,    331.2 buff/cache     
MiB Swap:  17073.5 total,  17073.5 free,      0.0 used.  10734.8 avail Mem 

    PID USER      PR  NI    VIRT    RES    SHR S  %CPU  %MEM     TIME+ COMMAND
  13715 shh921s+  20   0    3156   2244   1972 S   0.0   0.0   0:00.06 agent-a+

--- ps sample ---
    PID    PPID STAT %CPU %MEM   RSS COMMAND         COMMAND
  13715   11779 S     1.5  0.0  2244 agent-app-leak  /home/shh921shh4393/.dev/codyssey_mission/2026-main-1-2/submission/agent-app-leak/agent-app-leak
    PID    PPID STAT %CPU %MEM   RSS COMMAND         COMMAND
  13718   13715 SNl   2.8  0.2 47564 agent-app-leak  /home/shh921shh4393/.dev/codyssey_mission/2026-main-1-2/submission/agent-app-leak/agent-app-leak

--- top sample ---
top - 13:43:49 up  2:10,  0 users,  load average: 0.08, 0.19, 0.12
Tasks:   1 total,   0 running,   1 sleeping,   0 stopped,   0 zombie
%Cpu(s):  1.6 us,  0.0 sy,  0.0 ni, 98.4 id,  0.0 wa,  0.0 hi,  0.0 si,  0.0 st 
MiB Mem :  16049.5 total,  10700.7 free,   5332.9 used,    331.2 buff/cache     
MiB Swap:  17073.5 total,  17073.5 free,      0.0 used.  10716.6 avail Mem 

    PID USER      PR  NI    VIRT    RES    SHR S  %CPU  %MEM     TIME+ COMMAND
  13715 shh921s+  20   0    3156   2244   1972 S   0.0   0.0   0:00.06 agent-a+

--- ps sample ---
    PID    PPID STAT %CPU %MEM   RSS COMMAND         COMMAND
  13715   11779 S     1.1  0.0  2244 agent-app-leak  /home/shh921shh4393/.dev/codyssey_mission/2026-main-1-2/submission/agent-app-leak/agent-app-leak
    PID    PPID STAT %CPU %MEM   RSS COMMAND         COMMAND
  13718   13715 SNl   2.1  0.2 47564 agent-app-leak  /home/shh921shh4393/.dev/codyssey_mission/2026-main-1-2/submission/agent-app-leak/agent-app-leak

--- top sample ---
top - 13:43:50 up  2:10,  0 users,  load average: 0.08, 0.19, 0.12
Tasks:   1 total,   0 running,   1 sleeping,   0 stopped,   0 zombie
%Cpu(s):  0.0 us,  0.0 sy,  0.0 ni,100.0 id,  0.0 wa,  0.0 hi,  0.0 si,  0.0 st 
MiB Mem :  16049.5 total,  10699.4 free,   5334.0 used,    331.4 buff/cache     
MiB Swap:  17073.5 total,  17073.5 free,      0.0 used.  10715.4 avail Mem 

    PID USER      PR  NI    VIRT    RES    SHR S  %CPU  %MEM     TIME+ COMMAND
  13715 shh921s+  20   0    3156   2244   1972 S   0.0   0.0   0:00.06 agent-a+

--- ps sample ---
    PID    PPID STAT %CPU %MEM   RSS COMMAND         COMMAND
  13715   11779 S     0.9  0.0  2244 agent-app-leak  /home/shh921shh4393/.dev/codyssey_mission/2026-main-1-2/submission/agent-app-leak/agent-app-leak
    PID    PPID STAT %CPU %MEM   RSS COMMAND         COMMAND
  13718   13715 SNl   2.5  0.4 73168 agent-app-leak  /home/shh921shh4393/.dev/codyssey_mission/2026-main-1-2/submission/agent-app-leak/agent-app-leak

--- top sample ---
top - 13:43:51 up  2:10,  0 users,  load average: 0.08, 0.19, 0.12
Tasks:   1 total,   0 running,   1 sleeping,   0 stopped,   0 zombie
%Cpu(s):  0.0 us,  1.6 sy,  0.0 ni, 98.4 id,  0.0 wa,  0.0 hi,  0.0 si,  0.0 st 
MiB Mem :  16049.5 total,  10671.4 free,   5359.6 used,    333.8 buff/cache     
MiB Swap:  17073.5 total,  17073.5 free,      0.0 used.  10689.9 avail Mem 

    PID USER      PR  NI    VIRT    RES    SHR S  %CPU  %MEM     TIME+ COMMAND
  13715 shh921s+  20   0    3156   2244   1972 S   0.0   0.0   0:00.06 agent-a+

