====== SYSTEM MONITOR RESULT ======

[HEALTH CHECK]
Checking process 'agent-app-leak'... [OK] (PID: 12818)
Tracking process tree... [OK] (PIDS: 12815,12818)
Checking port 15034... [OK]
[WARNING] firewall command is not available

[RESOURCE MONITORING]
CPU Usage : 0.00%
MEM Usage : 0.1%
MEM RSS   : 23.6MB
DISK Used : 1%

[INFO] Log appended: /home/shh921shh4393/.dev/codyssey_mission/2026-main-1-2/submission/evidence/cpu/cpu-max-100/monitor.log
====== SYSTEM MONITOR RESULT ======

[HEALTH CHECK]
Checking process 'agent-app-leak'... [OK] (PID: 12818)
Tracking process tree... [OK] (PIDS: 12815,12818)
Checking port 15034... [OK]
[WARNING] firewall command is not available

[RESOURCE MONITORING]
CPU Usage : 0.17%
MEM Usage : 0.1%
MEM RSS   : 23.7MB
DISK Used : 1%

[INFO] Log appended: /home/shh921shh4393/.dev/codyssey_mission/2026-main-1-2/submission/evidence/cpu/cpu-max-100/monitor.log
====== SYSTEM MONITOR RESULT ======

[HEALTH CHECK]
Checking process 'agent-app-leak'... [OK] (PID: 12818)
Tracking process tree... [OK] (PIDS: 12815,12818)
Checking port 15034... [OK]
[WARNING] firewall command is not available

[RESOURCE MONITORING]
CPU Usage : 0.00%
MEM Usage : 0.1%
MEM RSS   : 23.7MB
DISK Used : 1%

[INFO] Log appended: /home/shh921shh4393/.dev/codyssey_mission/2026-main-1-2/submission/evidence/cpu/cpu-max-100/monitor.log
====== SYSTEM MONITOR RESULT ======

[HEALTH CHECK]
Checking process 'agent-app-leak'... [OK] (PID: 12818)
Tracking process tree... [OK] (PIDS: 12815,12818)
Checking port 15034... [OK]
[WARNING] firewall command is not available

[RESOURCE MONITORING]
CPU Usage : 0.00%
MEM Usage : 0.1%
MEM RSS   : 23.7MB
DISK Used : 1%

[INFO] Log appended: /home/shh921shh4393/.dev/codyssey_mission/2026-main-1-2/submission/evidence/cpu/cpu-max-100/monitor.log
====== SYSTEM MONITOR RESULT ======

[HEALTH CHECK]
Checking process 'agent-app-leak'... [OK] (PID: 12818)
Tracking process tree... [OK] (PIDS: 12815,12818)
Checking port 15034... [OK]
[WARNING] firewall command is not available

[RESOURCE MONITORING]
CPU Usage : 0.17%
MEM Usage : 0.1%
MEM RSS   : 23.7MB
DISK Used : 1%

[INFO] Log appended: /home/shh921shh4393/.dev/codyssey_mission/2026-main-1-2/submission/evidence/cpu/cpu-max-100/monitor.log
====== SYSTEM MONITOR RESULT ======

[HEALTH CHECK]
Checking process 'agent-app-leak'... [OK] (PID: 12818)
Tracking process tree... [OK] (PIDS: 12815,12818)
Checking port 15034... [OK]
[WARNING] firewall command is not available

[RESOURCE MONITORING]
CPU Usage : 0.00%
MEM Usage : 0.1%
MEM RSS   : 23.7MB
DISK Used : 1%

[INFO] Log appended: /home/shh921shh4393/.dev/codyssey_mission/2026-main-1-2/submission/evidence/cpu/cpu-max-100/monitor.log
====== SYSTEM MONITOR RESULT ======

[HEALTH CHECK]
Checking process 'agent-app-leak'... [OK] (PID: 12818)
Tracking process tree... [OK] (PIDS: 12815,12818)
Checking port 15034... [OK]
[WARNING] firewall command is not available

[RESOURCE MONITORING]
CPU Usage : 0.00%
MEM Usage : 0.1%
MEM RSS   : 23.7MB
DISK Used : 1%

[INFO] Log appended: /home/shh921shh4393/.dev/codyssey_mission/2026-main-1-2/submission/evidence/cpu/cpu-max-100/monitor.log
====== SYSTEM MONITOR RESULT ======

[HEALTH CHECK]
Checking process 'agent-app-leak'... [OK] (PID: 12818)
Tracking process tree... [OK] (PIDS: 12815,12818)
Checking port 15034... [OK]
[WARNING] firewall command is not available

[RESOURCE MONITORING]
CPU Usage : 0.17%
MEM Usage : 0.1%
MEM RSS   : 23.7MB
DISK Used : 1%

[INFO] Log appended: /home/shh921shh4393/.dev/codyssey_mission/2026-main-1-2/submission/evidence/cpu/cpu-max-100/monitor.log
====== SYSTEM MONITOR RESULT ======

[HEALTH CHECK]
Checking process 'agent-app-leak'... [OK] (PID: 12818)
Tracking process tree... [OK] (PIDS: 12815,12818)
Checking port 15034... [OK]
[WARNING] firewall command is not available

[RESOURCE MONITORING]
CPU Usage : 0.00%
MEM Usage : 0.1%
MEM RSS   : 23.7MB
DISK Used : 1%

[INFO] Log appended: /home/shh921shh4393/.dev/codyssey_mission/2026-main-1-2/submission/evidence/cpu/cpu-max-100/monitor.log
