--- ps sample ---
    PID    PPID STAT %CPU %MEM   RSS COMMAND         COMMAND
  12815   11779 S     0.6  0.0  2232 agent-app-leak  /home/shh921shh4393/.dev/codyssey_mission/2026-main-1-2/submission/agent-app-leak/agent-app-leak
    PID    PPID STAT %CPU %MEM   RSS COMMAND         COMMAND
  12818   12815 SN    0.8  0.1 21988 agent-app-leak  /home/shh921shh4393/.dev/codyssey_mission/2026-main-1-2/submission/agent-app-leak/agent-app-leak

--- top sample ---
top - 13:42:51 up  2:09,  0 users,  load average: 0.22, 0.23, 0.13
Tasks:   1 total,   0 running,   1 sleeping,   0 stopped,   0 zombie
%Cpu(s):  0.0 us,  1.6 sy,  0.0 ni, 98.4 id,  0.0 wa,  0.0 hi,  0.0 si,  0.0 st 
MiB Mem :  16049.5 total,  10653.0 free,   5448.7 used,    263.2 buff/cache     
MiB Swap:  17073.5 total,  17073.5 free,      0.0 used.  10600.8 avail Mem 

    PID USER      PR  NI    VIRT    RES    SHR S  %CPU  %MEM     TIME+ COMMAND
  12815 shh921s+  20   0    3156   2232   1972 S   0.0   0.0   0:00.06 agent-a+

--- ps sample ---
    PID    PPID STAT %CPU %MEM   RSS COMMAND         COMMAND
  12815   11779 S     0.5  0.0  2232 agent-app-leak  /home/shh921shh4393/.dev/codyssey_mission/2026-main-1-2/submission/agent-app-leak/agent-app-leak
    PID    PPID STAT %CPU %MEM   RSS COMMAND         COMMAND
  12818   12815 SN    0.7  0.1 21988 agent-app-leak  /home/shh921shh4393/.dev/codyssey_mission/2026-main-1-2/submission/agent-app-leak/agent-app-leak

--- top sample ---
top - 13:42:53 up  2:09,  0 users,  load average: 0.21, 0.23, 0.13
Tasks:   1 total,   0 running,   1 sleeping,   0 stopped,   0 zombie
%Cpu(s):  1.6 us,  0.0 sy,  0.0 ni, 98.4 id,  0.0 wa,  0.0 hi,  0.0 si,  0.0 st 
MiB Mem :  16049.5 total,  10648.8 free,   5449.9 used,    266.2 buff/cache     
MiB Swap:  17073.5 total,  17073.5 free,      0.0 used.  10599.6 avail Mem 

    PID USER      PR  NI    VIRT    RES    SHR S  %CPU  %MEM     TIME+ COMMAND
  12815 shh921s+  20   0    3156   2232   1972 S   0.0   0.0   0:00.06 agent-a+

--- ps sample ---
    PID    PPID STAT %CPU %MEM   RSS COMMAND         COMMAND
  12815   11779 S     0.4  0.0  2232 agent-app-leak  /home/shh921shh4393/.dev/codyssey_mission/2026-main-1-2/submission/agent-app-leak/agent-app-leak
    PID    PPID STAT %CPU %MEM   RSS COMMAND         COMMAND
  12818   12815 SN    0.7  0.1 21988 agent-app-leak  /home/shh921shh4393/.dev/codyssey_mission/2026-main-1-2/submission/agent-app-leak/agent-app-leak

--- top sample ---
top - 13:42:54 up  2:09,  0 users,  load average: 0.21, 0.23, 0.13
Tasks:   1 total,   0 running,   1 sleeping,   0 stopped,   0 zombie
%Cpu(s):  0.0 us,  0.0 sy,  0.0 ni,100.0 id,  0.0 wa,  0.0 hi,  0.0 si,  0.0 st 
MiB Mem :  16049.5 total,  10656.8 free,   5441.9 used,    266.2 buff/cache     
MiB Swap:  17073.5 total,  17073.5 free,      0.0 used.  10607.6 avail Mem 

    PID USER      PR  NI    VIRT    RES    SHR S  %CPU  %MEM     TIME+ COMMAND
  12815 shh921s+  20   0    3156   2232   1972 S   0.0   0.0   0:00.06 agent-a+

--- ps sample ---
    PID    PPID STAT %CPU %MEM   RSS COMMAND         COMMAND
  12815   11779 S     0.4  0.0  2232 agent-app-leak  /home/shh921shh4393/.dev/codyssey_mission/2026-main-1-2/submission/agent-app-leak/agent-app-leak
    PID    PPID STAT %CPU %MEM   RSS COMMAND         COMMAND
  12818   12815 SN    0.6  0.1 21988 agent-app-leak  /home/shh921shh4393/.dev/codyssey_mission/2026-main-1-2/submission/agent-app-leak/agent-app-leak

--- top sample ---
top - 13:42:55 up  2:09,  0 users,  load average: 0.21, 0.23, 0.13
Tasks:   1 total,   0 running,   1 sleeping,   0 stopped,   0 zombie
%Cpu(s):  0.0 us,  0.0 sy,  0.0 ni,100.0 id,  0.0 wa,  0.0 hi,  0.0 si,  0.0 st 
MiB Mem :  16049.5 total,  10655.3 free,   5442.4 used,    267.1 buff/cache     
MiB Swap:  17073.5 total,  17073.5 free,      0.0 used.  10607.1 avail Mem 

    PID USER      PR  NI    VIRT    RES    SHR S  %CPU  %MEM     TIME+ COMMAND
  12815 shh921s+  20   0    3156   2232   1972 S   0.0   0.0   0:00.06 agent-a+

--- ps sample ---
    PID    PPID STAT %CPU %MEM   RSS COMMAND         COMMAND
  12815   11779 S     0.4  0.0  2232 agent-app-leak  /home/shh921shh4393/.dev/codyssey_mission/2026-main-1-2/submission/agent-app-leak/agent-app-leak
    PID    PPID STAT %CPU %MEM   RSS COMMAND         COMMAND
  12818   12815 SN    0.7  0.1 21988 agent-app-leak  /home/shh921shh4393/.dev/codyssey_mission/2026-main-1-2/submission/agent-app-leak/agent-app-leak

--- top sample ---
top - 13:42:56 up  2:09,  0 users,  load average: 0.21, 0.23, 0.13
Tasks:   1 total,   0 running,   1 sleeping,   0 stopped,   0 zombie
%Cpu(s):  0.0 us,  0.0 sy,  0.0 ni,100.0 id,  0.0 wa,  0.0 hi,  0.0 si,  0.0 st 
MiB Mem :  16049.5 total,  10655.6 free,   5440.2 used,    268.9 buff/cache     
MiB Swap:  17073.5 total,  17073.5 free,      0.0 used.  10609.2 avail Mem 

    PID USER      PR  NI    VIRT    RES    SHR S  %CPU  %MEM     TIME+ COMMAND
  12815 shh921s+  20   0    3156   2232   1972 S   0.0   0.0   0:00.06 agent-a+

--- ps sample ---
    PID    PPID STAT %CPU %MEM   RSS COMMAND         COMMAND
  12815   11779 S     0.3  0.0  2232 agent-app-leak  /home/shh921shh4393/.dev/codyssey_mission/2026-main-1-2/submission/agent-app-leak/agent-app-leak
    PID    PPID STAT %CPU %MEM   RSS COMMAND         COMMAND
  12818   12815 SN    0.6  0.1 21988 agent-app-leak  /home/shh921shh4393/.dev/codyssey_mission/2026-main-1-2/submission/agent-app-leak/agent-app-leak

--- top sample ---
top - 13:42:58 up  2:09,  0 users,  load average: 0.19, 0.22, 0.13
Tasks:   1 total,   0 running,   1 sleeping,   0 stopped,   0 zombie
%Cpu(s):  0.0 us,  0.0 sy,  0.0 ni,100.0 id,  0.0 wa,  0.0 hi,  0.0 si,  0.0 st 
MiB Mem :  16049.5 total,  10662.0 free,   5433.8 used,    268.9 buff/cache     
MiB Swap:  17073.5 total,  17073.5 free,      0.0 used.  10615.7 avail Mem 

    PID USER      PR  NI    VIRT    RES    SHR S  %CPU  %MEM     TIME+ COMMAND
  12815 shh921s+  20   0    3156   2232   1972 S   0.0   0.0   0:00.06 agent-a+

--- ps sample ---
    PID    PPID STAT %CPU %MEM   RSS COMMAND         COMMAND
  12815   11779 S     0.3  0.0  2232 agent-app-leak  /home/shh921shh4393/.dev/codyssey_mission/2026-main-1-2/submission/agent-app-leak/agent-app-leak
    PID    PPID STAT %CPU %MEM   RSS COMMAND         COMMAND
  12818   12815 SN    0.6  0.1 21988 agent-app-leak  /home/shh921shh4393/.dev/codyssey_mission/2026-main-1-2/submission/agent-app-leak/agent-app-leak

--- top sample ---
top - 13:42:59 up  2:09,  0 users,  load average: 0.19, 0.22, 0.13
Tasks:   1 total,   0 running,   1 sleeping,   0 stopped,   0 zombie
%Cpu(s):  0.0 us,  0.0 sy,  0.0 ni,100.0 id,  0.0 wa,  0.0 hi,  0.0 si,  0.0 st 
MiB Mem :  16049.5 total,  10661.8 free,   5433.9 used,    269.0 buff/cache     
MiB Swap:  17073.5 total,  17073.5 free,      0.0 used.  10615.5 avail Mem 

    PID USER      PR  NI    VIRT    RES    SHR S  %CPU  %MEM     TIME+ COMMAND
  12815 shh921s+  20   0    3156   2232   1972 S   0.0   0.0   0:00.06 agent-a+

