>>> Starting Agent Boot Sequence...
[1/6] Checking User Account               [OK]
   ... Running as service user 'shh921shh4393' (uid=1267600500)
[2/6] Verifying Environment Variables     [OK]
   ... All required Envs correct
[3/6] Checking Required Files             [OK]
   ... Verified 'secret.key' with correct key string.
[4/6] Checking Port Availability          [OK]
   ... Port 15034 is available.
[5/6] Verifying Log Permission            [OK]
   ... Log directory is writable: /home/shh921shh4393/.dev/codyssey_mission/2026-main-1-2/submission/evidence/cpu/cpu-max-100
[6/6] Verifying Mission Environment       [OK]
   ... MEMORY_LIMIT=512MB, CPU_MAX_OCCUPY=100%, MULTI_THREAD_ENABLE=False
------------------------------------------------------------
All Boot Checks Passed!
Agent READY
2026-05-19 13:42:41,933 [INFO] [SafetyGuard] Process priority lowered (nice=10).
2026-05-19 13:42:41,933 [INFO] Agent listening at port 15034

==================================================
 [ Agent Initiate ] Resource Check 
==================================================
 [ MEMORY ] Limit: 512MB 		[ OK ]
 [ CPU    ] Limit: 100%  		[ WARNING: Recommend Under 50% ]
 [ THREAD ] Concurrency: False 		[ OK ]
--------------------------------------------------
 >>> SYSTEM STATUS: STABLE. STARTING WORKLOAD MONITORING...
==================================================

2026-05-19 13:42:43,933 [INFO] [CpuWorker] Started. Maximum CPU Limit: 100%
2026-05-19 13:42:43,934 [INFO] [CpuWorker] Current Load: 5.00%
2026-05-19 13:42:47,035 [INFO] [CpuWorker] Current Load: 8.10%
2026-05-19 13:42:50,138 [INFO] [CpuWorker] Current Load: 8.62%
2026-05-19 13:42:53,241 [INFO] [CpuWorker] Current Load: 14.56%
2026-05-19 13:42:56,343 [INFO] [CpuWorker] Current Load: 18.58%
2026-05-19 13:42:59,447 [INFO] [CpuWorker] Current Load: 23.16%
2026-05-19 13:43:02,549 [INFO] [CpuWorker] Current Load: 31.48%
2026-05-19 13:43:05,654 [INFO] [CpuWorker] Current Load: 31.79%
2026-05-19 13:43:08,758 [INFO] [CpuWorker] Current Load: 35.18%
2026-05-19 13:43:11,861 [INFO] [CpuWorker] Current Load: 38.94%
2026-05-19 13:43:14,965 [INFO] [CpuWorker] Current Load: 43.43%
2026-05-19 13:43:18,069 [INFO] [CpuWorker] Current Load: 48.25%
2026-05-19 13:43:21,174 [INFO] [CpuWorker] Current Load: 51.87%
2026-05-19 13:43:21,275 [CRITICAL] [CpuWorker] CPU Threshold Violated! (51.86999999999999%).
