>>> Starting Agent Boot Sequence...
[1/6] Checking User Account               [OK]
   ... Running as service user 'shh921shh4393' (uid=1267600500)
[2/6] Verifying Environment Variables     [OK]
   ... All required Envs correct
[3/6] Checking Required Files             [OK]
   ... Verified 'secret.key' with correct key string.
[4/6] Checking Port Availability          [OK]
   ... Port 15034 is available.
[5/6] Verifying Log Permission            [OK]
   ... Log directory is writable: /home/shh921shh4393/.dev/codyssey_mission/2026-main-1-2/submission/evidence/scheduling/round-robin
[6/6] Verifying Mission Environment       [OK]
   ... MEMORY_LIMIT=512MB, CPU_MAX_OCCUPY=10%, MULTI_THREAD_ENABLE=False
------------------------------------------------------------
All Boot Checks Passed!
Agent READY
2026-05-19 13:41:54,406 [INFO] [SafetyGuard] Process priority lowered (nice=10).
2026-05-19 13:41:54,406 [INFO] Agent listening at port 15034

==================================================
 [ Agent Initiate ] Resource Check 
==================================================
 [ MEMORY ] Limit: 512MB 		[ OK ]
 [ CPU    ] Limit: 10%  		[ OK ]
 [ THREAD ] Concurrency: False 		[ OK ]
--------------------------------------------------
 >>> SYSTEM STATUS: STABLE. STARTING WORKLOAD MONITORING...
==================================================

2026-05-19 13:41:56,407 [INFO] >>> Scenario Selected: [Healthy System Monitoring]

>>> [SYSTEM] ALL CONFIGURATIONS OPTIMAL. RUNNING STABILITY TEST... <<<

2026-05-19 13:41:56,408 [INFO] [Scheduler] Task Scheduler Initialized.
2026-05-19 13:41:56,409 [INFO] [Scheduler] Registered Tasks: ['Thread-A', 'Thread-B', 'Thread-C']
2026-05-19 13:41:56,409 [INFO] [Scheduler] Starting task execution...
2026-05-19 13:41:56,409 [INFO] [Thread-B] Task Started. Calculating... (20%)
2026-05-19 13:41:56,460 [INFO] [Thread-B] Calculating... (40%)
2026-05-19 13:41:56,512 [INFO] [Thread-B] Calculating... (60%)
2026-05-19 13:41:56,563 [INFO] [Thread-B] Calculating... (80%)
2026-05-19 13:41:56,613 [INFO] [Thread-B] Task Completed. (100%)
2026-05-19 13:41:56,665 [INFO] [Thread-C] Task Started. Calculating... (20%)
2026-05-19 13:41:56,715 [INFO] [Thread-C] Calculating... (40%)
2026-05-19 13:41:56,766 [INFO] [Thread-C] Calculating... (60%)
2026-05-19 13:41:56,818 [INFO] [Thread-C] Calculating... (80%)
2026-05-19 13:41:56,869 [INFO] [Thread-C] Task Completed. (100%)
2026-05-19 13:41:56,920 [INFO] [Thread-A] Task Started. Calculating... (20%)
2026-05-19 13:41:56,971 [INFO] [Thread-A] Calculating... (40%)
2026-05-19 13:41:57,023 [INFO] [Thread-A] Calculating... (60%)
2026-05-19 13:41:57,074 [INFO] [Thread-A] Calculating... (80%)
2026-05-19 13:41:57,124 [INFO] [Thread-A] Task Completed. (100%)
2026-05-19 13:41:57,175 [INFO] [Scheduler] All tasks completed.
2026-05-19 13:41:57,185 [INFO] [CpuWorker] Started. Maximum CPU Limit: 10%
2026-05-19 13:41:57,185 [INFO] [MemoryWorker] Current Heap: 25MB
2026-05-19 13:41:57,185 [INFO] [CpuWorker] Current Load: 5.00%
2026-05-19 13:41:59,286 [INFO] [CpuWorker] Peak reached (10.00%). Starting cooldown...
2026-05-19 13:42:00,192 [INFO] [MemoryWorker] Current Heap: 50MB
2026-05-19 13:42:00,287 [INFO] [CpuWorker] Current Load: 10.00%
