# mission1_2 system evidence

실행 시각: 2026-05-12T13:02:38+09:00
최종 판정: PASS
PASS 개수: 11
FAIL 개수: 0
BLOCKED 개수: 0

## 요구사항별 PASS/FAIL/BLOCKED 요약

FUNC-002 | PASS | MemoryGuard/Self-terminating 로그 확인
FUNC-003 | PASS | MEMORY_LIMIT 50/128 비교에서 128 케이스 관측 시간이 더 길고 임계치가 달라짐
FUNC-005 | PASS | CpuWorker CPU Threshold Violated 보호 종료 로그 확인
FUNC-006 | PASS | CPU_MAX_OCCUPY 10/100 비교에서 100은 임계치 위반 종료, 10은 임계치 내 냉각 반복
FUNC-007 | PASS | Deadlock PID/스레드 존재와 로그 정체 확인
FUNC-008 | PASS | WAITING/BLOCKED 마지막 로그 확인
FUNC-009 | PASS | MULTI_THREAD_ENABLE true/false 비교에서 재현/회피 차이 확인
VAL-001 | PASS | OOM 최소 증거 충족
VAL-002 | PASS | CPU 최소 증거 충족
VAL-003 | PASS | Deadlock 최소 증거 충족
BONUS-001 | PASS | 워커 실행 순서 로그로 Round-Robin 추론 가능

## 원본 명령 출력

[cmd] grep -R "Memory limit exceeded\|Self-terminating\|MemoryGuard" runtime/evidence/oom/memory-50 runtime/evidence/oom/memory-128
runtime/evidence/oom/memory-50/agent_app.log:2026-05-12 12:56:58,470 [CRITICAL] [MemoryGuard] Memory limit exceeded (50MB >= 50MB) / (Recommend Over 256MB)
runtime/evidence/oom/memory-50/agent_app.log:2026-05-12 12:56:58,470 [CRITICAL] [MemoryGuard] Self-terminating process 31219 to prevent system instability.
runtime/evidence/oom/memory-50/stdout.log:2026-05-12 12:56:58,470 [CRITICAL] [MemoryGuard] Memory limit exceeded (50MB >= 50MB) / (Recommend Over 256MB)
runtime/evidence/oom/memory-50/stdout.log:2026-05-12 12:56:58,470 [CRITICAL] [MemoryGuard] Self-terminating process 31219 to prevent system instability.
runtime/evidence/oom/memory-50/app.log:2026-05-12 12:56:58,470 [CRITICAL] [MemoryGuard] Memory limit exceeded (50MB >= 50MB) / (Recommend Over 256MB)
runtime/evidence/oom/memory-50/app.log:2026-05-12 12:56:58,470 [CRITICAL] [MemoryGuard] Self-terminating process 31219 to prevent system instability.
runtime/evidence/oom/memory-128/agent_app.log:2026-05-12 12:57:16,699 [CRITICAL] [MemoryGuard] Memory limit exceeded (150MB >= 128MB) / (Recommend Over 256MB)
runtime/evidence/oom/memory-128/agent_app.log:2026-05-12 12:57:16,699 [CRITICAL] [MemoryGuard] Self-terminating process 31363 to prevent system instability.
runtime/evidence/oom/memory-128/stdout.log:2026-05-12 12:57:16,699 [CRITICAL] [MemoryGuard] Memory limit exceeded (150MB >= 128MB) / (Recommend Over 256MB)
runtime/evidence/oom/memory-128/stdout.log:2026-05-12 12:57:16,699 [CRITICAL] [MemoryGuard] Self-terminating process 31363 to prevent system instability.
runtime/evidence/oom/memory-128/app.log:2026-05-12 12:57:16,699 [CRITICAL] [MemoryGuard] Memory limit exceeded (150MB >= 128MB) / (Recommend Over 256MB)
runtime/evidence/oom/memory-128/app.log:2026-05-12 12:57:16,699 [CRITICAL] [MemoryGuard] Self-terminating process 31363 to prevent system instability.
[exit] 0
[stdout/stderr] MemoryGuard와 Self-terminating 로그가 있으면 OOM 종료 증거로 인정

[cmd] printf "memory-50 lines=%s\n" "$(wc -l < runtime/evidence/oom/memory-50/monitor.log)"; sed -n "1,8p" runtime/evidence/oom/memory-50/monitor.log; printf "memory-128 lines=%s\n" "$(wc -l < runtime/evidence/oom/memory-128/monitor.log)"; sed -n "1,8p" runtime/evidence/oom/memory-128/monitor.log
memory-50 lines=3
[2026-05-12 12:56:54] PID:31219 CPU:4.4% MEM:0.2% RSS_MB:20.8 DISK_USED:3%
[2026-05-12 12:56:55] PID:31219 CPU:1.5% MEM:0.5% RSS_MB:45.8 DISK_USED:3%
[2026-05-12 12:56:57] PID:31219 CPU:2.1% MEM:0.5% RSS_MB:45.8 DISK_USED:3%
memory-128 lines=7
[2026-05-12 12:57:00] PID:31363 CPU:1.4% MEM:0.2% RSS_MB:20.8 DISK_USED:3%
[2026-05-12 12:57:02] PID:31363 CPU:2.4% MEM:0.5% RSS_MB:45.8 DISK_USED:3%
[2026-05-12 12:57:03] PID:31363 CPU:1.0% MEM:0.5% RSS_MB:45.8 DISK_USED:3%
[2026-05-12 12:57:04] PID:31363 CPU:2.0% MEM:0.8% RSS_MB:70.8 DISK_USED:3%
[2026-05-12 12:57:05] PID:31363 CPU:1.1% MEM:0.8% RSS_MB:70.8 DISK_USED:3%
[2026-05-12 12:57:07] PID:31363 CPU:1.1% MEM:0.8% RSS_MB:70.8 DISK_USED:3%
[2026-05-12 12:57:08] PID:31363 CPU:1.5% MEM:1.2% RSS_MB:95.8 DISK_USED:3%
[exit] 0
[stdout/stderr] monitor.log 라인 수와 RSS_MB 수치로 MEMORY_LIMIT 변경 전후를 비교

[cmd] grep -R "CPU Threshold Violated\|Terminated" runtime/evidence/cpu/cpu-max-100
runtime/evidence/cpu/cpu-max-100/agent_app.log:2026-05-12 12:57:53,877 [CRITICAL] [CpuWorker] CPU Threshold Violated! (50.739999999999995%).
runtime/evidence/cpu/cpu-max-100/stdout.log:2026-05-12 12:57:53,877 [CRITICAL] [CpuWorker] CPU Threshold Violated! (50.739999999999995%).
runtime/evidence/cpu/cpu-max-100/app.log:2026-05-12 12:57:53,877 [CRITICAL] [CpuWorker] CPU Threshold Violated! (50.739999999999995%).
[exit] 0
[stdout/stderr] CPU Threshold Violated와 종료 출력이 있으면 CPU 보호 종료 증거로 인정

[cmd] grep -R "Maximum CPU Limit: 10%\|Peak reached (10.00%)\|Maximum CPU Limit: 100%\|CPU Threshold Violated" runtime/evidence/cpu/cpu-max-10 runtime/evidence/cpu/cpu-max-100
runtime/evidence/cpu/cpu-max-10/agent_app.log:2026-05-12 12:57:20,143 [INFO] [CpuWorker] Started. Maximum CPU Limit: 10%
runtime/evidence/cpu/cpu-max-10/agent_app.log:2026-05-12 12:57:25,347 [INFO] [CpuWorker] Peak reached (10.00%). Starting cooldown...
runtime/evidence/cpu/cpu-max-10/stdout.log:2026-05-12 12:57:20,143 [INFO] [CpuWorker] Started. Maximum CPU Limit: 10%
runtime/evidence/cpu/cpu-max-10/stdout.log:2026-05-12 12:57:25,347 [INFO] [CpuWorker] Peak reached (10.00%). Starting cooldown...
runtime/evidence/cpu/cpu-max-10/app.log:2026-05-12 12:57:20,143 [INFO] [CpuWorker] Started. Maximum CPU Limit: 10%
runtime/evidence/cpu/cpu-max-10/app.log:2026-05-12 12:57:25,347 [INFO] [CpuWorker] Peak reached (10.00%). Starting cooldown...
runtime/evidence/cpu/cpu-max-100/agent_app.log:2026-05-12 12:57:28,967 [INFO] [CpuWorker] Started. Maximum CPU Limit: 100%
runtime/evidence/cpu/cpu-max-100/agent_app.log:2026-05-12 12:57:53,877 [CRITICAL] [CpuWorker] CPU Threshold Violated! (50.739999999999995%).
runtime/evidence/cpu/cpu-max-100/stdout.log:2026-05-12 12:57:28,967 [INFO] [CpuWorker] Started. Maximum CPU Limit: 100%
runtime/evidence/cpu/cpu-max-100/stdout.log:2026-05-12 12:57:53,877 [CRITICAL] [CpuWorker] CPU Threshold Violated! (50.739999999999995%).
runtime/evidence/cpu/cpu-max-100/app.log:2026-05-12 12:57:28,967 [INFO] [CpuWorker] Started. Maximum CPU Limit: 100%
runtime/evidence/cpu/cpu-max-100/app.log:2026-05-12 12:57:53,877 [CRITICAL] [CpuWorker] CPU Threshold Violated! (50.739999999999995%).
[exit] 0
[stdout/stderr] cpu-max-10은 임계치 내 냉각 반복, cpu-max-100은 CPU Threshold Violated가 나와야 비교 증거로 인정

[cmd] grep -H "WAITING\|BLOCKED\|Deadlock\|deadlock" runtime/evidence/deadlock/multi-true/app.log; grep -h "^--- sample .*stagnant_count" runtime/evidence/deadlock/multi-true/thread_samples.log
runtime/evidence/deadlock/multi-true/app.log:2026-05-12 12:58:03,892 [INFO] [AgentWorker][Worker-Thread-1] WAITING for [Socket_Pool_B]... (Status: BLOCKED)
runtime/evidence/deadlock/multi-true/app.log:2026-05-12 12:58:03,892 [INFO] [AgentWorker][Worker-Thread-2] WAITING for [Shared_Memory_A]... (Status: BLOCKED)
--- sample 1 pid=32744 app_log_bytes=1517 stagnant_count=0 ---
--- sample 2 pid=32744 app_log_bytes=1517 stagnant_count=1 ---
--- sample 3 pid=32744 app_log_bytes=1517 stagnant_count=2 ---
--- sample 4 pid=32744 app_log_bytes=1517 stagnant_count=3 ---
--- sample 5 pid=32744 app_log_bytes=1517 stagnant_count=4 ---
--- sample 6 pid=32744 app_log_bytes=1517 stagnant_count=5 ---
[exit] 0
[stdout/stderr] WAITING/BLOCKED와 stagnant_count 증가가 있으면 Deadlock 증거로 인정

[cmd] grep -H "Healthy System Monitoring\|Scheduler\|Thread-A" runtime/evidence/deadlock/multi-false/app.log
runtime/evidence/deadlock/multi-false/app.log:2026-05-12 12:58:15,025 [INFO] >>> Scenario Selected: [Healthy System Monitoring]
runtime/evidence/deadlock/multi-false/app.log:2026-05-12 12:58:15,025 [INFO] [Scheduler] Task Scheduler Initialized.
runtime/evidence/deadlock/multi-false/app.log:2026-05-12 12:58:15,026 [INFO] [Scheduler] Registered Tasks: ['Thread-A', 'Thread-B', 'Thread-C']
runtime/evidence/deadlock/multi-false/app.log:2026-05-12 12:58:15,026 [INFO] [Scheduler] Starting task execution...
runtime/evidence/deadlock/multi-false/app.log:2026-05-12 12:58:15,027 [INFO] [Thread-A] Task Started. Calculating... (20%)
runtime/evidence/deadlock/multi-false/app.log:2026-05-12 12:58:15,077 [INFO] [Thread-A] Calculating... (40%)
runtime/evidence/deadlock/multi-false/app.log:2026-05-12 12:58:15,128 [INFO] [Thread-A] Preempted. Progress saved at (40%)
runtime/evidence/deadlock/multi-false/app.log:2026-05-12 12:58:15,482 [INFO] [Thread-A] Resumed. Calculating... (60%)
runtime/evidence/deadlock/multi-false/app.log:2026-05-12 12:58:15,532 [INFO] [Thread-A] Calculating... (80%)
runtime/evidence/deadlock/multi-false/app.log:2026-05-12 12:58:15,582 [INFO] [Thread-A] Preempted. Progress saved at (80%)
runtime/evidence/deadlock/multi-false/app.log:2026-05-12 12:58:15,936 [INFO] [Thread-A] Resumed. Calculating... (100%)
runtime/evidence/deadlock/multi-false/app.log:2026-05-12 12:58:16,088 [INFO] [Scheduler] All tasks completed.
[exit] 0
[stdout/stderr] MULTI_THREAD_ENABLE=false 조건의 Healthy System Monitoring과 WAITING/BLOCKED 부재가 회피 증거로 인정

[cmd] grep -H "Thread-A\|Thread-B\|Thread-C\|Round-Robin" runtime/evidence/scheduling/round-robin/app.log
runtime/evidence/scheduling/round-robin/app.log:2026-05-12 12:58:33,166 [INFO] [Scheduler] Registered Tasks: ['Thread-A', 'Thread-B', 'Thread-C']
runtime/evidence/scheduling/round-robin/app.log:2026-05-12 12:58:33,166 [INFO] [Thread-A] Task Started. Calculating... (20%)
runtime/evidence/scheduling/round-robin/app.log:2026-05-12 12:58:33,217 [INFO] [Thread-A] Calculating... (40%)
runtime/evidence/scheduling/round-robin/app.log:2026-05-12 12:58:33,267 [INFO] [Thread-A] Preempted. Progress saved at (40%)
runtime/evidence/scheduling/round-robin/app.log:2026-05-12 12:58:33,318 [INFO] [Thread-B] Task Started. Calculating... (20%)
runtime/evidence/scheduling/round-robin/app.log:2026-05-12 12:58:33,368 [INFO] [Thread-B] Calculating... (40%)
runtime/evidence/scheduling/round-robin/app.log:2026-05-12 12:58:33,419 [INFO] [Thread-B] Preempted. Progress saved at (40%)
runtime/evidence/scheduling/round-robin/app.log:2026-05-12 12:58:33,469 [INFO] [Thread-C] Task Started. Calculating... (20%)
runtime/evidence/scheduling/round-robin/app.log:2026-05-12 12:58:33,520 [INFO] [Thread-C] Calculating... (40%)
runtime/evidence/scheduling/round-robin/app.log:2026-05-12 12:58:33,571 [INFO] [Thread-C] Preempted. Progress saved at (40%)
runtime/evidence/scheduling/round-robin/app.log:2026-05-12 12:58:33,622 [INFO] [Thread-A] Resumed. Calculating... (60%)
runtime/evidence/scheduling/round-robin/app.log:2026-05-12 12:58:33,672 [INFO] [Thread-A] Calculating... (80%)
runtime/evidence/scheduling/round-robin/app.log:2026-05-12 12:58:33,723 [INFO] [Thread-A] Preempted. Progress saved at (80%)
runtime/evidence/scheduling/round-robin/app.log:2026-05-12 12:58:33,774 [INFO] [Thread-B] Resumed. Calculating... (60%)
runtime/evidence/scheduling/round-robin/app.log:2026-05-12 12:58:33,824 [INFO] [Thread-B] Calculating... (80%)
runtime/evidence/scheduling/round-robin/app.log:2026-05-12 12:58:33,875 [INFO] [Thread-B] Preempted. Progress saved at (80%)
runtime/evidence/scheduling/round-robin/app.log:2026-05-12 12:58:33,925 [INFO] [Thread-C] Resumed. Calculating... (60%)
runtime/evidence/scheduling/round-robin/app.log:2026-05-12 12:58:33,976 [INFO] [Thread-C] Calculating... (80%)
runtime/evidence/scheduling/round-robin/app.log:2026-05-12 12:58:34,026 [INFO] [Thread-C] Preempted. Progress saved at (80%)
runtime/evidence/scheduling/round-robin/app.log:2026-05-12 12:58:34,077 [INFO] [Thread-A] Resumed. Calculating... (100%)
runtime/evidence/scheduling/round-robin/app.log:2026-05-12 12:58:34,127 [INFO] [Thread-B] Resumed. Calculating... (100%)
runtime/evidence/scheduling/round-robin/app.log:2026-05-12 12:58:34,177 [INFO] [Thread-C] Resumed. Calculating... (100%)
[exit] 0
[stdout/stderr] Thread-A/B/C가 순환 순서로 진행되면 Round-Robin 추론 증거로 인정

