--- ps sample ---
    PID    PPID STAT %CPU %MEM   RSS COMMAND         COMMAND
  12219   11779 S     0.9  0.0  2268 agent-app-leak  /home/shh921shh4393/.dev/codyssey_mission/2026-main-1-2/submission/agent-app-leak/agent-app-leak
    PID    PPID STAT %CPU %MEM   RSS COMMAND         COMMAND
  12222   12219 SN    0.7  0.4 73040 agent-app-leak  /home/shh921shh4393/.dev/codyssey_mission/2026-main-1-2/submission/agent-app-leak/agent-app-leak

--- top sample ---
top - 13:42:16 up  2:08,  0 users,  load average: 0.40, 0.26, 0.14
Tasks:   1 total,   0 running,   1 sleeping,   0 stopped,   0 zombie
%Cpu(s):  0.0 us,  0.0 sy,  0.0 ni,100.0 id,  0.0 wa,  0.0 hi,  0.0 si,  0.0 st 
MiB Mem :  16049.5 total,  10506.9 free,   5532.4 used,    325.4 buff/cache     
MiB Swap:  17073.5 total,  17073.5 free,      0.0 used.  10517.1 avail Mem 

    PID USER      PR  NI    VIRT    RES    SHR S  %CPU  %MEM     TIME+ COMMAND
  12219 shh921s+  20   0    3156   2268   1984 S   0.0   0.0   0:00.07 agent-a+

--- ps sample ---
    PID    PPID STAT %CPU %MEM   RSS COMMAND         COMMAND
  12219   11779 S     0.7  0.0  2268 agent-app-leak  /home/shh921shh4393/.dev/codyssey_mission/2026-main-1-2/submission/agent-app-leak/agent-app-leak
    PID    PPID STAT %CPU %MEM   RSS COMMAND         COMMAND
  12222   12219 SN    1.1  0.6 98644 agent-app-leak  /home/shh921shh4393/.dev/codyssey_mission/2026-main-1-2/submission/agent-app-leak/agent-app-leak

--- top sample ---
top - 13:42:17 up  2:08,  0 users,  load average: 0.37, 0.26, 0.14
Tasks:   1 total,   0 running,   1 sleeping,   0 stopped,   0 zombie
%Cpu(s):  0.0 us,  0.0 sy,  0.0 ni,100.0 id,  0.0 wa,  0.0 hi,  0.0 si,  0.0 st 
MiB Mem :  16049.5 total,  10478.8 free,   5560.5 used,    325.4 buff/cache     
MiB Swap:  17073.5 total,  17073.5 free,      0.0 used.  10488.9 avail Mem 

    PID USER      PR  NI    VIRT    RES    SHR S  %CPU  %MEM     TIME+ COMMAND
  12219 shh921s+  20   0    3156   2268   1984 S   0.0   0.0   0:00.07 agent-a+

--- ps sample ---
    PID    PPID STAT %CPU %MEM   RSS COMMAND         COMMAND
  12219   11779 S     0.6  0.0  2268 agent-app-leak  /home/shh921shh4393/.dev/codyssey_mission/2026-main-1-2/submission/agent-app-leak/agent-app-leak
    PID    PPID STAT %CPU %MEM   RSS COMMAND         COMMAND
  12222   12219 SN    0.9  0.6 98644 agent-app-leak  /home/shh921shh4393/.dev/codyssey_mission/2026-main-1-2/submission/agent-app-leak/agent-app-leak

--- top sample ---
top - 13:42:18 up  2:08,  0 users,  load average: 0.37, 0.26, 0.14
Tasks:   1 total,   0 running,   1 sleeping,   0 stopped,   0 zombie
%Cpu(s):  0.0 us,  1.6 sy,  0.0 ni, 98.4 id,  0.0 wa,  0.0 hi,  0.0 si,  0.0 st 
MiB Mem :  16049.5 total,  10492.5 free,   5526.0 used,    346.2 buff/cache     
MiB Swap:  17073.5 total,  17073.5 free,      0.0 used.  10523.5 avail Mem 

    PID USER      PR  NI    VIRT    RES    SHR S  %CPU  %MEM     TIME+ COMMAND
  12219 shh921s+  20   0    3156   2268   1984 S   0.0   0.0   0:00.07 agent-a+

--- ps sample ---
    PID    PPID STAT %CPU %MEM   RSS COMMAND         COMMAND
  12219   11779 S     0.6  0.0  2268 agent-app-leak  /home/shh921shh4393/.dev/codyssey_mission/2026-main-1-2/submission/agent-app-leak/agent-app-leak
    PID    PPID STAT %CPU %MEM   RSS COMMAND         COMMAND
  12222   12219 SN    1.2  0.7 124248 agent-app-leak /home/shh921shh4393/.dev/codyssey_mission/2026-main-1-2/submission/agent-app-leak/agent-app-leak

--- top sample ---
top - 13:42:20 up  2:08,  0 users,  load average: 0.37, 0.26, 0.14
Tasks:   1 total,   0 running,   1 sleeping,   0 stopped,   0 zombie
%Cpu(s):  0.0 us,  0.0 sy,  0.0 ni,100.0 id,  0.0 wa,  0.0 hi,  0.0 si,  0.0 st 
MiB Mem :  16049.5 total,  10465.6 free,   5552.8 used,    346.2 buff/cache     
MiB Swap:  17073.5 total,  17073.5 free,      0.0 used.  10496.6 avail Mem 

    PID USER      PR  NI    VIRT    RES    SHR S  %CPU  %MEM     TIME+ COMMAND
  12219 shh921s+  20   0    3156   2268   1984 S   0.0   0.0   0:00.07 agent-a+

--- ps sample ---
    PID    PPID STAT %CPU %MEM   RSS COMMAND         COMMAND
  12219   11779 S     0.5  0.0  2268 agent-app-leak  /home/shh921shh4393/.dev/codyssey_mission/2026-main-1-2/submission/agent-app-leak/agent-app-leak
    PID    PPID STAT %CPU %MEM   RSS COMMAND         COMMAND
  12222   12219 SN    1.1  0.7 124248 agent-app-leak /home/shh921shh4393/.dev/codyssey_mission/2026-main-1-2/submission/agent-app-leak/agent-app-leak

--- top sample ---
top - 13:42:21 up  2:08,  0 users,  load average: 0.37, 0.26, 0.14
Tasks:   1 total,   0 running,   1 sleeping,   0 stopped,   0 zombie
%Cpu(s):  3.3 us,  0.0 sy,  0.0 ni, 96.7 id,  0.0 wa,  0.0 hi,  0.0 si,  0.0 st 
MiB Mem :  16049.5 total,  10463.4 free,   5554.8 used,    346.4 buff/cache     
MiB Swap:  17073.5 total,  17073.5 free,      0.0 used.  10494.6 avail Mem 

    PID USER      PR  NI    VIRT    RES    SHR S  %CPU  %MEM     TIME+ COMMAND
  12219 shh921s+  20   0    3156   2268   1984 S   0.0   0.0   0:00.07 agent-a+

--- ps sample ---
    PID    PPID STAT %CPU %MEM   RSS COMMAND         COMMAND
  12219   11779 S     0.5  0.0  2268 agent-app-leak  /home/shh921shh4393/.dev/codyssey_mission/2026-main-1-2/submission/agent-app-leak/agent-app-leak
    PID    PPID STAT %CPU %MEM   RSS COMMAND         COMMAND
  12222   12219 SN    1.0  0.7 124248 agent-app-leak /home/shh921shh4393/.dev/codyssey_mission/2026-main-1-2/submission/agent-app-leak/agent-app-leak

--- top sample ---
top - 13:42:22 up  2:08,  0 users,  load average: 0.37, 0.26, 0.14
Tasks:   1 total,   0 running,   1 sleeping,   0 stopped,   0 zombie
%Cpu(s):  5.0 us,  1.7 sy,  0.0 ni, 93.3 id,  0.0 wa,  0.0 hi,  0.0 si,  0.0 st 
MiB Mem :  16049.5 total,  10460.9 free,   5557.3 used,    346.5 buff/cache     
MiB Swap:  17073.5 total,  17073.5 free,      0.0 used.  10492.2 avail Mem 

    PID USER      PR  NI    VIRT    RES    SHR S  %CPU  %MEM     TIME+ COMMAND
  12219 shh921s+  20   0    3156   2268   1984 S   0.0   0.0   0:00.07 agent-a+

--- ps sample ---
    PID    PPID STAT %CPU %MEM   RSS COMMAND         COMMAND
  12219   11779 S     0.4  0.0  2268 agent-app-leak  /home/shh921shh4393/.dev/codyssey_mission/2026-main-1-2/submission/agent-app-leak/agent-app-leak
    PID    PPID STAT %CPU %MEM   RSS COMMAND         COMMAND
  12222   12219 SN    1.1  0.9 149852 agent-app-leak /home/shh921shh4393/.dev/codyssey_mission/2026-main-1-2/submission/agent-app-leak/agent-app-leak

--- top sample ---
top - 13:42:23 up  2:08,  0 users,  load average: 0.34, 0.25, 0.14
Tasks:   1 total,   0 running,   1 sleeping,   0 stopped,   0 zombie
%Cpu(s):  1.7 us,  0.0 sy,  0.0 ni, 98.3 id,  0.0 wa,  0.0 hi,  0.0 si,  0.0 st 
MiB Mem :  16049.5 total,  10443.7 free,   5574.4 used,    346.5 buff/cache     
MiB Swap:  17073.5 total,  17073.5 free,      0.0 used.  10475.1 avail Mem 

    PID USER      PR  NI    VIRT    RES    SHR S  %CPU  %MEM     TIME+ COMMAND
  12219 shh921s+  20   0    3156   2268   1984 S   0.0   0.0   0:00.07 agent-a+

