>>> Starting Agent Boot Sequence...
[1/6] Checking User Account               [OK]
   ... Running as service user 'shh921shh4393' (uid=1267600500)
[2/6] Verifying Environment Variables     [OK]
   ... All required Envs correct
[3/6] Checking Required Files             [OK]
   ... Verified 'secret.key' with correct key string.
[4/6] Checking Port Availability          [OK]
   ... Port 15034 is available.
[5/6] Verifying Log Permission            [OK]
   ... Log directory is writable: /home/shh921shh4393/.dev/codyssey_mission/2026-main-1-2/submission/evidence/oom/memory-128
[6/6] Verifying Mission Environment       [OK]
   ... MEMORY_LIMIT=128MB, CPU_MAX_OCCUPY=10%, MULTI_THREAD_ENABLE=False
------------------------------------------------------------
All Boot Checks Passed!
Agent READY
2026-05-19 13:42:08,584 [INFO] [SafetyGuard] Process priority lowered (nice=10).
2026-05-19 13:42:08,585 [INFO] Agent listening at port 15034

==================================================
 [ Agent Initiate ] Resource Check 
==================================================
 [ MEMORY ] Limit: 128MB 		[ WARNING: Recommend Over 256MB ]
 [ CPU    ] Limit: 10%  		[ OK ]
 [ THREAD ] Concurrency: False 		[ OK ]
--------------------------------------------------
 >>> SYSTEM STATUS: STABLE. STARTING WORKLOAD MONITORING...
==================================================

2026-05-19 13:42:10,590 [INFO] [MemoryWorker] Current Heap: 25MB
2026-05-19 13:42:13,601 [INFO] [MemoryWorker] Current Heap: 50MB
2026-05-19 13:42:16,639 [INFO] [MemoryWorker] Current Heap: 75MB
2026-05-19 13:42:19,671 [INFO] [MemoryWorker] Current Heap: 100MB
2026-05-19 13:42:22,711 [INFO] [MemoryWorker] Current Heap: 125MB
2026-05-19 13:42:25,753 [INFO] [MemoryWorker] Current Heap: 150MB
2026-05-19 13:42:25,753 [CRITICAL] [MemoryGuard] Memory limit exceeded (150MB >= 128MB) / (Recommend Over 256MB)
2026-05-19 13:42:25,753 [CRITICAL] [MemoryGuard] Self-terminating process 12222 to prevent system instability.
